[2023-04-24T23:28:41.526] [ERROR] errorFile - option usecreateindex is not supported
[2023-04-24T23:28:51.798] [ERROR] errorFile - Error al listar todo: MongooseError: Operation `mensajes.find()` buffering timed out after 10000ms
[2023-04-24T23:29:42.428] [ERROR] errorFile - Error al listar por id: MongooseError: Operation `usuarios.find()` buffering timed out after 10000ms
[2023-04-24T23:30:01.525] [ERROR] errorFile - Error al listar por id: MongooseError: Operation `usuarios.find()` buffering timed out after 10000ms
[2023-04-24T23:30:14.249] [ERROR] errorFile - option usecreateindex is not supported
[2023-04-24T23:30:31.248] [ERROR] errorFile - Error al listar por id: MongooseError: Operation `usuarios.find()` buffering timed out after 10000ms
[2023-04-24T23:40:09.650] [ERROR] errorFile - option usecreateindex is not supported
[2023-04-24T23:40:27.566] [ERROR] errorFile - Error al listar por id: MongooseError: Operation `usuarios.find()` buffering timed out after 10000ms
[2023-05-02T22:04:27.076] [ERROR] errorFile - Error al guardar: MongoServerError: E11000 duplicate key error collection: ecomerce.carritos index: timeStamp_1 dup key: { timeStamp: null }
[2023-05-02T22:43:28.043] [ERROR] errorFile - Could not connect to any servers in your MongoDB Atlas cluster. One common reason is that you're trying to access the database from an IP that isn't whitelisted. Make sure your current IP address is on your Atlas cluster's IP whitelist: https://www.mongodb.com/docs/atlas/security-whitelist/
[2023-05-02T22:43:41.784] [ERROR] errorFile - Error al listar por id: MongooseError: Operation `usuarios.find()` buffering timed out after 10000ms
[2023-05-02T22:43:43.219] [ERROR] errorFile - Error al listar todo: MongooseError: Operation `mensajes.find()` buffering timed out after 10000ms
[2023-05-02T22:43:51.425] [ERROR] errorFile - Error al listar por id: MongooseError: Operation `usuarios.find()` buffering timed out after 10000ms
[2023-05-02T22:44:44.907] [ERROR] errorFile - Error al listar por id: MongooseError: Operation `usuarios.find()` buffering timed out after 10000ms
[2023-05-02T22:49:04.085] [ERROR] errorFile - Error al guardar: MongoServerError: E11000 duplicate key error collection: ecomerce.carritos index: timeStamp_1 dup key: { timeStamp: null }
[2023-05-02T22:54:20.350] [ERROR] errorFile - Error al guardar: MongoServerError: E11000 duplicate key error collection: ecomerce.carritos index: timeStamp_1 dup key: { timeStamp: null }
[2023-05-02T23:01:18.815] [ERROR] errorFile - Error al guardar: MongoServerError: E11000 duplicate key error collection: ecomerce.carritos index: timeStamp_1 dup key: { timeStamp: null }
[2023-05-02T23:10:56.870] [ERROR] errorFile - Error al guardar: MongoServerError: E11000 duplicate key error collection: ecomerce.carritos index: timeStamp_1 dup key: { timeStamp: null }
[2023-05-02T23:17:04.496] [ERROR] errorFile - Could not connect to any servers in your MongoDB Atlas cluster. One common reason is that you're trying to access the database from an IP that isn't whitelisted. Make sure your current IP address is on your Atlas cluster's IP whitelist: https://www.mongodb.com/docs/atlas/security-whitelist/
[2023-05-02T23:17:14.869] [ERROR] errorFile - Error al listar todo: MongooseError: Operation `mensajes.find()` buffering timed out after 10000ms
[2023-05-02T23:17:44.606] [ERROR] errorFile - Error al listar por id: MongooseError: Operation `usuarios.find()` buffering timed out after 10000ms
[2023-05-02T23:18:34.485] [ERROR] errorFile - Error al guardar: ValidationError: timeStamp: Path `timeStamp` is required.
[2023-05-02T23:22:06.799] [ERROR] errorFile - Error al guardar: MongoServerError: E11000 duplicate key error collection: ecomerce.carritos index: timeStamp_1 dup key: { timeStamp: null }
[2023-05-02T23:46:21.573] [ERROR] errorFile - Error al guardar: MongoServerError: E11000 duplicate key error collection: ecomerce.carritos index: timeStamp_1 dup key: { timeStamp: null }
[2023-05-02T23:48:12.236] [ERROR] errorFile - Error al guardar: MongoServerError: E11000 duplicate key error collection: ecomerce.carritos index: timeStamp_1 dup key: { timeStamp: null }
[2023-05-02T23:51:37.872] [ERROR] errorFile - Error al guardar: MongoServerError: E11000 duplicate key error collection: ecomerce.carritos index: timeStamp_1 dup key: { timeStamp: null }
[2023-05-02T23:58:40.251] [ERROR] errorFile - Error al guardar: MongoServerError: E11000 duplicate key error collection: ecomerce.carritos index: timeStamp_1 dup key: { timeStamp: null }
[2023-05-03T00:01:28.775] [ERROR] errorFile - Error al guardar: MongoServerError: E11000 duplicate key error collection: ecomerce.carritos index: timeStamp_1 dup key: { timeStamp: null }
[2023-05-03T00:17:39.330] [ERROR] errorFile - Error al guardar: MongoServerError: E11000 duplicate key error collection: ecomerce.carritos index: timeStamp_1 dup key: { timeStamp: null }
[2023-05-03T00:23:37.950] [ERROR] errorFile - Error al guardar: MongoServerError: E11000 duplicate key error collection: ecomerce.carritos index: timeStamp_1 dup key: { timeStamp: null }
[2023-05-03T00:25:38.845] [ERROR] errorFile - Error al guardar: MongoServerError: E11000 duplicate key error collection: ecomerce.carritos index: timeStamp_1 dup key: { timeStamp: null }
