[2023-04-04T23:44:42.827] [INFO] default - conectado!
[2023-04-04T23:46:40.460] [INFO] default - conectado!
[2023-04-04T23:50:56.425] [INFO] default - conectado!
[2023-04-04T23:51:11.797] [INFO] default - Acceso a: ruta /products/info y método GET correcto
[2023-04-04T23:51:24.823] [INFO] default - Acceso a: ruta / y método GET correcto
[2023-04-04T23:51:52.706] [INFO] default - Acceso a: ruta /cafeterias/ y método GET correcto
[2023-04-04T23:52:03.376] [INFO] default - Acceso a: ruta /cafeteria/ y método GET correcto
[2023-04-04T23:52:26.292] [INFO] default - Acceso a: ruta /cafeteria/ y método GET correcto
[2023-04-04T23:52:42.985] [INFO] default - Acceso a: ruta /products y método GET correcto
[2023-04-04T23:52:50.820] [INFO] default - Acceso a: ruta /cafeteria/ y método GET correcto
[2023-04-04T23:52:54.257] [INFO] default - Acceso a: ruta / y método GET correcto
[2023-04-04T23:53:27.556] [INFO] default - Acceso a: ruta /cafeteria/ y método GET correcto
[2023-04-04T23:53:30.899] [INFO] default - Acceso a: ruta /cafeteria y método GET correcto
[2023-04-04T23:54:07.049] [INFO] default - Acceso a: ruta /cafeteria/login y método GET correcto
[2023-04-04T23:54:13.172] [INFO] default - Acceso a: ruta /cafeteria/login y método POST correcto
[2023-04-04T23:54:14.008] [INFO] default - Acceso a: ruta /cafeteria y método GET correcto
[2023-04-04T23:55:50.770] [INFO] default - conectado!
[2023-04-04T23:55:55.897] [INFO] default - Acceso a: ruta /cafeteria y método GET correcto
[2023-04-04T23:56:05.676] [INFO] default - Acceso a: ruta /cafeteria/login y método GET correcto
[2023-04-04T23:56:09.037] [INFO] default - Acceso a: ruta /cafeteria/register y método GET correcto
[2023-04-04T23:56:14.969] [INFO] default - Acceso a: ruta /cafeteria/register y método POST correcto
[2023-04-04T23:56:15.935] [INFO] default - Acceso a: ruta / y método GET correcto
[2023-04-04T23:58:46.384] [INFO] default - conectado!
[2023-04-04T23:58:58.230] [INFO] default - Acceso a: ruta /cafeteria/ y método GET correcto
[2023-04-04T23:59:03.959] [INFO] default - Acceso a: ruta /cafeteria y método GET correcto
[2023-04-04T23:59:14.034] [INFO] default - Acceso a: ruta /cafeteria/login y método GET correcto
[2023-04-04T23:59:19.348] [INFO] default - Acceso a: ruta /cafeteria/login y método POST correcto
[2023-04-04T23:59:20.328] [INFO] default - Acceso a: ruta /cafeteria y método GET correcto
[2023-04-05T00:03:58.684] [INFO] default - Acceso a: ruta /cafeteria/register y método GET correcto
[2023-04-05T00:04:00.487] [INFO] default - Acceso a: ruta /cafeteria/login y método GET correcto
[2023-04-05T00:06:51.338] [INFO] default - Acceso a: ruta /cafeteria/products y método GET correcto
[2023-04-05T00:07:05.716] [INFO] default - Acceso a: ruta /cafeteria/products y método GET correcto
[2023-04-05T00:07:46.014] [INFO] default - Acceso a: ruta /cafeteria y método GET correcto
[2023-04-05T00:07:51.509] [INFO] default - Acceso a: ruta /cafeteria y método GET correcto
[2023-04-05T00:12:03.203] [INFO] default - conectado!
[2023-04-05T00:14:35.056] [INFO] default - conectado!
[2023-04-05T00:15:44.364] [INFO] default - conectado!
[2023-04-05T00:25:19.129] [INFO] default - conectado!
[2023-04-05T00:27:51.423] [INFO] default - conectado!
[2023-04-05T00:32:47.089] [INFO] default - conectado!
[2023-04-05T00:42:14.638] [INFO] default - conectado!
[2023-04-05T00:43:56.489] [INFO] default - conectado!
[2023-04-05T00:45:03.429] [INFO] default - conectado!
[2023-04-05T00:46:16.120] [INFO] default - conectado!
[2023-04-05T00:50:41.324] [INFO] default - conectado!
[2023-04-05T00:53:17.499] [INFO] default - conectado!
[2023-04-05T20:41:55.337] [INFO] default - conectado!
[2023-04-05T20:48:10.719] [INFO] default - conectado!
[2023-04-05T20:48:11.143] [INFO] default - Acceso a: ruta /socket.io/ y método GET correcto
[2023-04-05T20:48:16.322] [INFO] default - Acceso a: ruta /cafeteria y método GET correcto
[2023-04-05T20:48:16.815] [INFO] default - Acceso a: ruta /socket.io/ y método GET correcto
[2023-04-05T20:48:17.834] [INFO] default - Acceso a: ruta /socket.io/ y método GET correcto
[2023-04-05T20:48:19.609] [INFO] default - Acceso a: ruta /socket.io/ y método GET correcto
[2023-04-05T20:48:19.900] [INFO] default - Acceso a: ruta /cafeteria y método GET correcto
[2023-04-05T20:48:20.401] [INFO] default - Acceso a: ruta /socket.io/ y método GET correcto
[2023-04-05T20:48:21.621] [INFO] default - Acceso a: ruta /socket.io/ y método GET correcto
[2023-04-05T20:48:22.252] [INFO] default - Acceso a: ruta /cafeteria y método GET correcto
[2023-04-05T20:48:22.709] [INFO] default - Acceso a: ruta /socket.io/ y método GET correcto
[2023-04-05T20:48:24.393] [INFO] default - Acceso a: ruta /socket.io/ y método GET correcto
[2023-04-05T20:48:29.277] [INFO] default - Acceso a: ruta /socket.io/ y método GET correcto
[2023-04-05T20:48:33.940] [INFO] default - Acceso a: ruta /socket.io/ y método GET correcto
[2023-04-05T20:48:40.146] [INFO] default - Acceso a: ruta /socket.io/ y método GET correcto
[2023-04-05T20:48:46.360] [INFO] default - Acceso a: ruta /socket.io/ y método GET correcto
[2023-04-05T20:48:52.551] [INFO] default - Acceso a: ruta /socket.io/ y método GET correcto
[2023-04-05T20:48:58.757] [INFO] default - Acceso a: ruta /socket.io/ y método GET correcto
[2023-04-05T20:49:04.957] [INFO] default - Acceso a: ruta /socket.io/ y método GET correcto
[2023-04-05T20:49:11.213] [INFO] default - Acceso a: ruta /socket.io/ y método GET correcto
[2023-04-05T20:49:17.418] [INFO] default - Acceso a: ruta /socket.io/ y método GET correcto
[2023-04-05T20:49:23.608] [INFO] default - Acceso a: ruta /socket.io/ y método GET correcto
[2023-04-05T20:49:29.832] [INFO] default - Acceso a: ruta /socket.io/ y método GET correcto
[2023-04-05T20:49:36.079] [INFO] default - Acceso a: ruta /socket.io/ y método GET correcto
[2023-04-05T20:49:42.291] [INFO] default - Acceso a: ruta /socket.io/ y método GET correcto
[2023-04-05T20:49:46.885] [INFO] default - Acceso a: ruta /cafeteria y método GET correcto
[2023-04-05T20:49:47.711] [INFO] default - Acceso a: ruta /socket.io/ y método GET correcto
[2023-04-05T20:49:48.685] [INFO] default - Acceso a: ruta /socket.io/ y método GET correcto
[2023-04-05T20:49:51.409] [INFO] default - Acceso a: ruta /cafeteria y método GET correcto
[2023-04-05T20:49:51.886] [INFO] default - Acceso a: ruta /socket.io/ y método GET correcto
[2023-04-05T20:49:52.674] [INFO] default - Acceso a: ruta /socket.io/ y método GET correcto
[2023-04-05T20:49:54.061] [INFO] default - Acceso a: ruta /socket.io/ y método GET correcto
[2023-04-05T20:49:59.241] [INFO] default - Acceso a: ruta /cafeteria/login y método GET correcto
[2023-04-05T20:49:59.311] [INFO] default - Acceso a: ruta /socket.io/ y método GET correcto
[2023-04-05T20:50:02.664] [INFO] default - Acceso a: ruta /cafeteria/register y método GET correcto
[2023-04-05T20:50:11.610] [INFO] default - Acceso a: ruta /cafeteria/register y método POST correcto
[2023-04-05T20:50:12.269] [INFO] default - Acceso a: ruta / y método GET correcto
[2023-04-05T20:52:33.359] [INFO] default - Acceso a: ruta /cafeteria/register y método POST correcto
[2023-04-05T20:52:33.651] [INFO] default - Acceso a: ruta /failregister y método GET correcto
[2023-04-05T20:54:06.911] [INFO] default - conectado!
[2023-04-05T20:54:15.365] [INFO] default - Acceso a: ruta /cafeteria/login y método GET correcto
[2023-04-05T20:54:22.909] [INFO] default - Acceso a: ruta /login y método POST correcto
[2023-04-05T20:55:17.259] [INFO] default - Acceso a: ruta /cafeteria/login y método GET correcto
[2023-04-05T20:55:23.864] [INFO] default - Acceso a: ruta /cafeteria/ y método GET correcto
[2023-04-05T20:55:24.551] [INFO] default - Acceso a: ruta /socket.io/ y método GET correcto
[2023-04-05T20:55:26.232] [INFO] default - Acceso a: ruta /socket.io/ y método GET correcto
[2023-04-05T20:55:28.482] [INFO] default - Acceso a: ruta /socket.io/ y método GET correcto
[2023-04-05T20:55:32.565] [INFO] default - Acceso a: ruta /cafeteria/ y método GET correcto
[2023-04-05T20:55:33.006] [INFO] default - Acceso a: ruta /socket.io/ y método GET correcto
[2023-04-05T20:55:34.418] [INFO] default - Acceso a: ruta /socket.io/ y método GET correcto
[2023-04-05T20:55:37.458] [INFO] default - Acceso a: ruta /socket.io/ y método GET correcto
[2023-04-05T20:56:07.882] [INFO] default - conectado!
[2023-04-05T20:56:17.789] [INFO] default - Acceso a: ruta /cafeteria y método GET correcto
[2023-04-05T20:56:18.337] [INFO] default - Acceso a: ruta /socket.io/ y método GET correcto
[2023-04-05T20:56:19.450] [INFO] default - Acceso a: ruta /socket.io/ y método GET correcto
[2023-04-05T20:56:21.009] [INFO] default - Acceso a: ruta /socket.io/ y método GET correcto
[2023-04-05T20:56:25.898] [INFO] default - Acceso a: ruta /socket.io/ y método GET correcto
[2023-04-05T20:56:31.103] [INFO] default - Acceso a: ruta /socket.io/ y método GET correcto
[2023-04-05T20:56:36.299] [INFO] default - Acceso a: ruta /socket.io/ y método GET correcto
[2023-04-05T20:56:41.505] [INFO] default - Acceso a: ruta /socket.io/ y método GET correcto
[2023-04-05T20:56:48.135] [INFO] default - Acceso a: ruta /socket.io/ y método GET correcto
[2023-04-05T20:56:54.387] [INFO] default - Acceso a: ruta /socket.io/ y método GET correcto
[2023-04-05T20:57:00.576] [INFO] default - Acceso a: ruta /socket.io/ y método GET correcto
[2023-04-05T20:57:06.773] [INFO] default - Acceso a: ruta /socket.io/ y método GET correcto
[2023-04-05T20:57:12.976] [INFO] default - Acceso a: ruta /socket.io/ y método GET correcto
[2023-04-05T20:57:19.179] [INFO] default - Acceso a: ruta /socket.io/ y método GET correcto
[2023-04-05T20:57:25.394] [INFO] default - Acceso a: ruta /socket.io/ y método GET correcto
[2023-04-05T20:57:31.613] [INFO] default - Acceso a: ruta /socket.io/ y método GET correcto
[2023-04-05T20:57:37.821] [INFO] default - Acceso a: ruta /socket.io/ y método GET correcto
[2023-04-05T20:57:44.076] [INFO] default - Acceso a: ruta /socket.io/ y método GET correcto
[2023-04-05T20:57:49.043] [INFO] default - Acceso a: ruta /cafeteria/login y método GET correcto
[2023-04-05T20:57:53.750] [INFO] default - Acceso a: ruta /cafeteria/register y método GET correcto
[2023-04-05T20:57:55.546] [INFO] default - Acceso a: ruta /cafeteria/login y método GET correcto
[2023-04-05T20:58:03.806] [INFO] default - Acceso a: ruta /login y método POST correcto
[2023-04-05T21:02:31.177] [INFO] default - conectado!
[2023-04-05T21:02:47.714] [INFO] default - Acceso a: ruta /cafeteria/register y método GET correcto
[2023-04-05T21:02:49.352] [INFO] default - Acceso a: ruta /cafeteria/login y método GET correcto
[2023-04-05T21:02:56.311] [INFO] default - Acceso a: ruta /cafeteria/login y método POST correcto
[2023-04-05T21:02:57.129] [INFO] default - Acceso a: ruta / y método GET correcto
[2023-04-05T21:04:41.805] [INFO] default - Acceso a: ruta /cafeteria/login y método GET correcto
[2023-04-05T21:06:11.487] [INFO] default - Acceso a: ruta /cafeteria/login y método POST correcto
[2023-04-05T21:06:11.533] [INFO] default - Acceso a: ruta /faillogin y método POST correcto
[2023-04-05T21:06:28.398] [INFO] default - Acceso a: ruta /cafeteria/login y método GET correcto
[2023-04-05T21:06:44.945] [INFO] default - Acceso a: ruta /cafeteria y método GET correcto
[2023-04-05T21:06:44.972] [INFO] default - Acceso a: ruta /login y método GET correcto
[2023-04-05T21:07:05.344] [INFO] default - Acceso a: ruta /cafeteria y método GET correcto
[2023-04-05T21:07:05.366] [INFO] default - Acceso a: ruta /login y método GET correcto
[2023-04-05T21:29:57.537] [INFO] default - Acceso a: ruta /cafeteria/ y método GET correcto
[2023-04-05T21:29:58.299] [INFO] default - Acceso a: ruta /favicon.ico y método GET correcto
[2023-04-05T21:29:58.348] [INFO] default - Acceso a: ruta /socket.io/ y método GET correcto
[2023-04-05T21:29:59.833] [INFO] default - Acceso a: ruta /socket.io/ y método GET correcto
[2023-04-05T21:30:02.347] [INFO] default - Acceso a: ruta /socket.io/ y método GET correcto
[2023-04-05T21:30:07.237] [INFO] default - Acceso a: ruta /socket.io/ y método GET correcto
[2023-04-05T21:30:12.446] [INFO] default - Acceso a: ruta /socket.io/ y método GET correcto
[2023-04-05T21:30:17.635] [INFO] default - Acceso a: ruta /socket.io/ y método GET correcto
[2023-04-05T21:30:22.826] [INFO] default - Acceso a: ruta /socket.io/ y método GET correcto
[2023-04-05T21:30:28.024] [INFO] default - Acceso a: ruta /socket.io/ y método GET correcto
[2023-04-05T21:30:33.226] [INFO] default - Acceso a: ruta /socket.io/ y método GET correcto
[2023-04-05T21:30:38.417] [INFO] default - Acceso a: ruta /socket.io/ y método GET correcto
[2023-04-05T21:30:40.338] [INFO] default - Acceso a: ruta /products y método POST correcto
[2023-04-05T21:30:50.613] [INFO] default - Acceso a: ruta /products y método GET correcto
[2023-04-05T21:31:28.519] [INFO] default - Acceso a: ruta /products/642cd64ca2f38ee833649289 y método GET correcto
[2023-04-05T21:31:28.950] [INFO] default - Acceso a: ruta /favicon.ico y método GET correcto
[2023-04-05T21:31:42.417] [INFO] default - Acceso a: ruta /carrito y método GET correcto
[2023-04-05T21:31:42.911] [INFO] default - Acceso a: ruta /favicon.ico y método GET correcto
[2023-04-12T23:32:02.942] [INFO] default - conectado!
[2023-04-12T23:48:38.252] [INFO] default - Mongodb conectado ac-glxxux7-shard-00-02.e0dov1u.mongodb.net
[2023-04-12T23:49:06.687] [INFO] default - Mongodb conectado ac-glxxux7-shard-00-02.e0dov1u.mongodb.net
[2023-04-12T23:49:06.847] [INFO] default - conectado!
[2023-04-13T00:05:46.392] [INFO] default - Mongodb conectado ac-glxxux7-shard-00-02.e0dov1u.mongodb.net
[2023-04-13T00:05:46.633] [INFO] default - conectado!
[2023-04-13T00:13:13.649] [INFO] default - Mongodb conectado ac-glxxux7-shard-00-01.e0dov1u.mongodb.net
[2023-04-13T00:13:13.779] [INFO] default - conectado!
[2023-04-13T00:52:11.206] [INFO] default - Mongodb conectado ac-glxxux7-shard-00-02.e0dov1u.mongodb.net
[2023-04-13T00:52:11.360] [INFO] default - conectado!
[2023-04-13T00:52:20.466] [INFO] default - Acceso a: ruta / y método GET correcto
[2023-04-13T00:52:27.968] [INFO] default - Acceso a: ruta /cafeteria/ y método GET correcto
[2023-04-13T00:52:28.563] [INFO] default - Acceso a: ruta /socket.io/ y método GET correcto
[2023-04-13T00:52:29.547] [INFO] default - Acceso a: ruta /socket.io/ y método GET correcto
[2023-04-13T00:52:31.376] [INFO] default - Acceso a: ruta /socket.io/ y método GET correcto
[2023-04-13T00:52:35.951] [INFO] default - Acceso a: ruta /socket.io/ y método GET correcto
[2023-04-13T00:52:41.192] [INFO] default - Acceso a: ruta /socket.io/ y método GET correcto
[2023-04-13T00:52:46.391] [INFO] default - Acceso a: ruta /socket.io/ y método GET correcto
[2023-04-13T00:52:46.770] [INFO] default - Acceso a: ruta /cafeteria/login y método GET correcto
[2023-04-14T22:10:28.745] [INFO] default - Mongodb conectado ac-glxxux7-shard-00-01.e0dov1u.mongodb.net
[2023-04-14T22:10:29.004] [INFO] default - conectado!
[2023-04-18T00:35:56.234] [INFO] default - Mongodb conectado ac-glxxux7-shard-00-02.e0dov1u.mongodb.net
[2023-04-18T00:35:56.404] [INFO] default - conectado!
[2023-04-19T15:07:40.704] [INFO] default - Mongodb conectado ac-glxxux7-shard-00-02.e0dov1u.mongodb.net
[2023-04-19T15:07:40.955] [INFO] default - conectado!
[2023-04-19T15:07:49.973] [INFO] default - Acceso a: ruta /cafeteria y método GET correcto
[2023-04-19T15:07:50.179] [INFO] default - Acceso a: ruta /login y método GET correcto
[2023-04-19T15:07:57.665] [INFO] default - Acceso a: ruta /products y método GET correcto
[2023-04-19T15:08:07.530] [INFO] default - Acceso a: ruta /productos y método GET correcto
[2023-04-19T15:08:07.586] [INFO] default - Acceso a: ruta /login y método GET correcto
[2023-04-19T15:08:55.426] [INFO] default - Acceso a: ruta /cafeteria/ y método GET correcto
[2023-04-19T15:08:55.480] [INFO] default - Acceso a: ruta /login y método GET correcto
[2023-04-19T15:10:35.652] [INFO] default - Acceso a: ruta / y método GET correcto
[2023-04-19T15:10:46.516] [INFO] default - Acceso a: ruta /cafeteria/ y método GET correcto
[2023-04-19T15:10:46.561] [INFO] default - Acceso a: ruta /login y método GET correcto
[2023-04-19T15:14:41.277] [INFO] default - Mongodb conectado ac-glxxux7-shard-00-02.e0dov1u.mongodb.net
[2023-04-19T15:14:41.417] [INFO] default - conectado!
[2023-04-19T15:14:46.155] [INFO] default - Acceso a: ruta /login y método GET correcto
[2023-04-19T15:14:46.955] [INFO] default - Acceso a: ruta /favicon.ico y método GET correcto
[2023-04-19T15:15:06.113] [INFO] default - Acceso a: ruta / y método GET correcto
[2023-04-19T15:15:06.162] [INFO] default - Acceso a: ruta /login y método GET correcto
[2023-04-19T15:15:06.468] [INFO] default - Acceso a: ruta /favicon.ico y método GET correcto
[2023-04-19T15:15:19.894] [INFO] default - Acceso a: ruta /carrito y método GET correcto
[2023-04-19T15:17:12.243] [INFO] default - Acceso a: ruta / y método GET correcto
[2023-04-19T15:17:12.290] [INFO] default - Acceso a: ruta /login y método GET correcto
[2023-04-19T15:17:19.407] [INFO] default - Acceso a: ruta /login y método POST correcto
[2023-04-19T15:17:20.485] [INFO] default - Acceso a: ruta / y método GET correcto
[2023-04-19T15:17:20.487] [INFO] default - Usuario autenticado asd
[2023-04-19T15:22:50.109] [INFO] default - Mongodb conectado ac-glxxux7-shard-00-00.e0dov1u.mongodb.net
[2023-04-19T15:22:50.258] [INFO] default - conectado!
[2023-04-19T15:23:00.697] [INFO] default - Acceso a: ruta / y método GET correcto
[2023-04-19T15:23:00.700] [INFO] default - Usuario autenticado asd
[2023-04-19T15:24:14.462] [INFO] default - Mongodb conectado ac-glxxux7-shard-00-01.e0dov1u.mongodb.net
[2023-04-19T15:24:14.584] [INFO] default - conectado!
[2023-04-19T15:24:19.527] [INFO] default - Acceso a: ruta / y método GET correcto
[2023-04-19T15:24:19.531] [INFO] default - Usuario autenticado asd
[2023-04-19T15:24:36.550] [INFO] default - Mongodb conectado ac-glxxux7-shard-00-02.e0dov1u.mongodb.net
[2023-04-19T15:24:36.665] [INFO] default - conectado!
[2023-04-19T15:24:45.224] [INFO] default - Acceso a: ruta /productos y método GET correcto
[2023-04-19T15:24:53.662] [INFO] default - Acceso a: ruta / y método GET correcto
[2023-04-19T15:24:53.672] [INFO] default - Usuario autenticado asd
[2023-04-19T15:25:11.928] [INFO] default - Mongodb conectado ac-glxxux7-shard-00-00.e0dov1u.mongodb.net
[2023-04-19T15:25:12.107] [INFO] default - conectado!
[2023-04-19T15:25:12.743] [INFO] default - Acceso a: ruta /login y método GET correcto
[2023-04-19T15:25:15.695] [INFO] default - Acceso a: ruta /cafeteria/register y método GET correcto
[2023-04-19T15:27:56.004] [INFO] default - Mongodb conectado ac-glxxux7-shard-00-00.e0dov1u.mongodb.net
[2023-04-19T15:27:56.119] [INFO] default - conectado!
[2023-04-19T15:28:08.717] [INFO] default - Acceso a: ruta /login y método GET correcto
[2023-04-19T15:28:11.609] [INFO] default - Acceso a: ruta /cafeteria/register y método GET correcto
[2023-04-19T15:31:34.979] [INFO] default - Acceso a: ruta /login y método GET correcto
[2023-04-19T15:31:35.315] [INFO] default - Acceso a: ruta /favicon.ico y método GET correcto
[2023-04-19T15:31:37.957] [INFO] default - Acceso a: ruta /register y método GET correcto
[2023-04-19T15:32:06.394] [INFO] default - Acceso a: ruta /register y método POST correcto
[2023-04-19T15:32:07.405] [INFO] default - Acceso a: ruta / y método GET correcto
[2023-04-19T15:32:07.407] [INFO] default - Usuario autenticado gc
[2023-04-19T15:32:18.595] [INFO] default - Acceso a: ruta /register y método POST correcto
[2023-04-19T15:32:18.795] [INFO] default - Acceso a: ruta /failregister y método GET correcto
[2023-04-19T15:35:13.312] [INFO] default - Mongodb conectado ac-glxxux7-shard-00-02.e0dov1u.mongodb.net
[2023-04-19T15:35:13.943] [INFO] default - conectado!
[2023-04-19T15:36:20.643] [INFO] default - Acceso a: ruta /register y método GET correcto
[2023-04-19T15:36:21.058] [INFO] default - Acceso a: ruta /favicon.ico y método GET correcto
[2023-04-19T15:36:26.749] [INFO] default - Acceso a: ruta /cafeteria/login y método GET correcto
[2023-04-19T15:36:32.568] [INFO] default - Acceso a: ruta / y método GET correcto
[2023-04-19T15:36:32.570] [INFO] default - Usuario autenticado gc
[2023-04-19T15:37:27.619] [INFO] default - Mongodb conectado ac-glxxux7-shard-00-00.e0dov1u.mongodb.net
[2023-04-19T15:37:27.739] [INFO] default - conectado!
[2023-04-19T15:37:38.633] [INFO] default - Acceso a: ruta /login y método GET correcto
[2023-04-19T15:38:07.714] [INFO] default - Acceso a: ruta /login y método POST correcto
[2023-04-19T15:38:08.561] [INFO] default - Acceso a: ruta / y método GET correcto
[2023-04-19T15:38:08.566] [INFO] default - Usuario autenticado gc
[2023-04-19T15:38:35.193] [INFO] default - Mongodb conectado ac-glxxux7-shard-00-01.e0dov1u.mongodb.net
[2023-04-19T15:38:35.333] [INFO] default - conectado!
[2023-04-19T15:54:43.725] [INFO] default - Acceso a: ruta /login y método GET correcto
[2023-04-19T15:54:49.626] [INFO] default - Acceso a: ruta /register y método GET correcto
[2023-04-19T15:56:07.652] [INFO] default - Acceso a: ruta /register y método POST correcto
[2023-04-19T15:56:08.684] [INFO] default - Acceso a: ruta / y método GET correcto
[2023-04-19T15:56:08.686] [INFO] default - Usuario autenticado ga
[2023-04-19T15:58:25.384] [INFO] default - Mongodb conectado ac-glxxux7-shard-00-00.e0dov1u.mongodb.net
[2023-04-19T15:58:25.504] [INFO] default - conectado!
[2023-04-19T15:59:06.130] [INFO] default - Acceso a: ruta /register y método GET correcto
[2023-04-19T15:59:37.324] [INFO] default - Acceso a: ruta /register y método POST correcto
[2023-04-19T15:59:38.342] [INFO] default - Acceso a: ruta / y método GET correcto
[2023-04-19T15:59:38.344] [INFO] default - Usuario autenticado gf
[2023-04-19T16:00:52.651] [INFO] default - Mongodb conectado ac-glxxux7-shard-00-01.e0dov1u.mongodb.net
[2023-04-19T16:00:52.764] [INFO] default - conectado!
[2023-04-19T16:01:03.050] [INFO] default - Acceso a: ruta /register y método GET correcto
[2023-04-19T16:01:41.176] [INFO] default - Acceso a: ruta /register y método POST correcto
[2023-04-19T16:01:42.054] [INFO] default - Acceso a: ruta / y método GET correcto
[2023-04-19T16:01:42.057] [INFO] default - Usuario autenticado rp
[2023-04-19T16:16:03.361] [INFO] default - Mongodb conectado ac-glxxux7-shard-00-02.e0dov1u.mongodb.net
[2023-04-19T16:16:03.610] [INFO] default - conectado!
[2023-04-19T16:16:09.748] [INFO] default - Acceso a: ruta / y método GET correcto
[2023-04-19T16:16:09.752] [INFO] default - Usuario autenticado rp
[2023-04-19T16:16:22.138] [INFO] default - Acceso a: ruta /registeer y método GET correcto
[2023-04-19T16:16:22.587] [INFO] default - Acceso a: ruta /favicon.ico y método GET correcto
[2023-04-19T16:16:32.128] [INFO] default - Acceso a: ruta /register y método GET correcto
[2023-04-19T16:17:04.528] [INFO] default - Acceso a: ruta /register y método POST correcto
[2023-04-19T16:17:05.970] [INFO] default - Acceso a: ruta / y método GET correcto
[2023-04-19T16:17:05.971] [INFO] default - Usuario autenticado ds
[2023-04-20T18:36:35.748] [INFO] default - Mongodb conectado ac-glxxux7-shard-00-00.e0dov1u.mongodb.net
[2023-04-20T18:36:36.116] [INFO] default - conectado!
[2023-04-20T18:36:45.579] [INFO] default - Acceso a: ruta /login y método GET correcto
[2023-04-20T18:37:56.957] [INFO] default - Acceso a: ruta /login y método POST correcto
[2023-04-20T18:37:58.004] [INFO] default - Acceso a: ruta / y método GET correcto
[2023-04-20T18:37:58.007] [INFO] default - Usuario autenticado ga
[2023-04-20T18:42:33.676] [INFO] default - Mongodb conectado ac-glxxux7-shard-00-01.e0dov1u.mongodb.net
[2023-04-20T18:42:33.847] [INFO] default - conectado!
[2023-04-20T18:42:37.635] [INFO] default - Acceso a: ruta /login y método GET correcto
[2023-04-20T18:42:46.907] [INFO] default - Acceso a: ruta /login y método POST correcto
[2023-04-20T18:42:47.746] [INFO] default - Acceso a: ruta / y método GET correcto
[2023-04-20T18:42:47.749] [INFO] default - Usuario autenticado ga
[2023-04-20T18:53:38.083] [INFO] default - Mongodb conectado ac-glxxux7-shard-00-00.e0dov1u.mongodb.net
[2023-04-20T18:53:38.224] [INFO] default - conectado!
[2023-04-20T18:53:54.498] [INFO] default - Acceso a: ruta /login y método GET correcto
[2023-04-20T18:54:02.370] [INFO] default - Acceso a: ruta /login y método POST correcto
[2023-04-20T18:54:03.167] [INFO] default - Acceso a: ruta / y método GET correcto
[2023-04-20T18:54:03.172] [INFO] default - Usuario autenticado ga
[2023-04-20T18:58:10.181] [INFO] default - Mongodb conectado ac-glxxux7-shard-00-01.e0dov1u.mongodb.net
[2023-04-20T18:58:10.317] [INFO] default - conectado!
[2023-04-20T18:58:17.346] [INFO] default - Acceso a: ruta /login y método GET correcto
[2023-04-20T18:58:20.817] [INFO] default - Acceso a: ruta /register y método GET correcto
[2023-04-20T18:58:45.650] [INFO] default - Acceso a: ruta /register y método POST correcto
[2023-04-20T18:58:46.543] [INFO] default - Acceso a: ruta / y método GET correcto
[2023-04-20T18:58:46.545] [INFO] default - Usuario autenticado gs
[2023-04-20T19:26:24.102] [INFO] default - Mongodb conectado ac-glxxux7-shard-00-00.e0dov1u.mongodb.net
[2023-04-20T19:26:24.238] [INFO] default - conectado!
[2023-04-20T19:26:34.800] [INFO] default - Acceso a: ruta /login y método GET correcto
[2023-04-20T19:26:57.498] [INFO] default - Acceso a: ruta /login y método POST correcto
[2023-04-20T19:26:58.333] [INFO] default - Acceso a: ruta / y método GET correcto
[2023-04-20T19:26:58.339] [INFO] default - Usuario autenticado gs
[2023-04-20T19:27:55.784] [INFO] default - Mongodb conectado ac-glxxux7-shard-00-00.e0dov1u.mongodb.net
[2023-04-20T19:27:55.918] [INFO] default - conectado!
[2023-04-20T19:27:58.691] [INFO] default - Acceso a: ruta /login y método GET correcto
[2023-04-20T19:28:10.359] [INFO] default - Acceso a: ruta /login y método POST correcto
[2023-04-20T19:28:11.261] [INFO] default - Acceso a: ruta / y método GET correcto
[2023-04-20T19:28:11.436] [INFO] default - Usuario autenticado gs
[2023-04-20T19:28:44.196] [INFO] default - Mongodb conectado ac-glxxux7-shard-00-00.e0dov1u.mongodb.net
[2023-04-20T19:28:44.340] [INFO] default - conectado!
[2023-04-20T19:28:52.243] [INFO] default - Acceso a: ruta /login y método GET correcto
[2023-04-20T19:29:01.206] [INFO] default - Acceso a: ruta /login y método POST correcto
[2023-04-20T19:29:02.057] [INFO] default - Acceso a: ruta / y método GET correcto
[2023-04-20T19:29:02.066] [INFO] default - Usuario autenticado gs
[2023-04-20T19:29:02.719] [INFO] default - Acceso a: ruta /socket.io/ y método GET correcto
[2023-04-20T19:29:02.740] [INFO] default - Acceso a: ruta /productos y método GET correcto
[2023-04-20T19:29:03.079] [INFO] default - Acceso a: ruta /carrito y método GET correcto
[2023-04-20T19:29:03.696] [INFO] default - Acceso a: ruta /socket.io/ y método GET correcto
[2023-04-20T19:29:06.901] [INFO] default - Acceso a: ruta /socket.io/ y método GET correcto
[2023-04-20T19:29:09.842] [INFO] default - Acceso a: ruta /socket.io/ y método GET correcto
[2023-04-20T19:29:15.077] [INFO] default - Acceso a: ruta /socket.io/ y método GET correcto
[2023-04-20T19:29:20.306] [INFO] default - Acceso a: ruta /socket.io/ y método GET correcto
[2023-04-20T19:29:25.503] [INFO] default - Acceso a: ruta /socket.io/ y método GET correcto
[2023-04-20T19:29:30.720] [INFO] default - Acceso a: ruta /socket.io/ y método GET correcto
[2023-04-20T19:29:35.958] [INFO] default - Acceso a: ruta /socket.io/ y método GET correcto
[2023-04-20T19:29:41.322] [INFO] default - Acceso a: ruta /socket.io/ y método GET correcto
[2023-04-20T19:29:46.527] [INFO] default - Acceso a: ruta /socket.io/ y método GET correcto
[2023-04-20T19:29:51.767] [INFO] default - Acceso a: ruta /socket.io/ y método GET correcto
[2023-04-20T19:29:56.965] [INFO] default - Acceso a: ruta /socket.io/ y método GET correcto
[2023-04-20T19:30:03.448] [INFO] default - Acceso a: ruta /socket.io/ y método GET correcto
[2023-04-20T19:30:09.180] [INFO] default - Acceso a: ruta /socket.io/ y método GET correcto
[2023-04-20T19:30:14.399] [INFO] default - Acceso a: ruta /socket.io/ y método GET correcto
[2023-04-20T19:30:19.620] [INFO] default - Acceso a: ruta /socket.io/ y método GET correcto
[2023-04-20T19:30:24.819] [INFO] default - Acceso a: ruta /socket.io/ y método GET correcto
[2023-04-20T19:30:30.027] [INFO] default - Acceso a: ruta /socket.io/ y método GET correcto
[2023-04-20T19:30:35.269] [INFO] default - Acceso a: ruta /socket.io/ y método GET correcto
[2023-04-20T19:30:40.506] [INFO] default - Acceso a: ruta /socket.io/ y método GET correcto
[2023-04-20T19:30:45.717] [INFO] default - Acceso a: ruta /socket.io/ y método GET correcto
[2023-04-20T19:30:50.946] [INFO] default - Acceso a: ruta /socket.io/ y método GET correcto
[2023-04-20T19:30:56.214] [INFO] default - Acceso a: ruta /socket.io/ y método GET correcto
[2023-04-20T19:31:01.416] [INFO] default - Acceso a: ruta /socket.io/ y método GET correcto
[2023-04-20T19:31:06.643] [INFO] default - Acceso a: ruta /socket.io/ y método GET correcto
[2023-04-20T19:31:11.863] [INFO] default - Acceso a: ruta /socket.io/ y método GET correcto
[2023-04-20T19:31:17.078] [INFO] default - Acceso a: ruta /socket.io/ y método GET correcto
[2023-04-20T19:31:22.344] [INFO] default - Acceso a: ruta /socket.io/ y método GET correcto
[2023-04-20T19:31:27.567] [INFO] default - Acceso a: ruta /socket.io/ y método GET correcto
[2023-04-20T19:31:32.950] [INFO] default - Acceso a: ruta /socket.io/ y método GET correcto
[2023-04-20T19:31:38.169] [INFO] default - Acceso a: ruta /socket.io/ y método GET correcto
[2023-04-20T19:31:43.372] [INFO] default - Acceso a: ruta /socket.io/ y método GET correcto
[2023-04-20T19:31:48.594] [INFO] default - Acceso a: ruta /socket.io/ y método GET correcto
[2023-04-20T19:31:53.849] [INFO] default - Acceso a: ruta /socket.io/ y método GET correcto
[2023-04-20T19:31:59.087] [INFO] default - Acceso a: ruta /socket.io/ y método GET correcto
[2023-04-20T19:32:04.286] [INFO] default - Acceso a: ruta /socket.io/ y método GET correcto
[2023-04-20T19:32:09.489] [INFO] default - Acceso a: ruta /socket.io/ y método GET correcto
[2023-04-20T19:32:14.948] [INFO] default - Acceso a: ruta /socket.io/ y método GET correcto
[2023-04-20T19:32:20.187] [INFO] default - Acceso a: ruta /socket.io/ y método GET correcto
[2023-04-20T19:32:25.417] [INFO] default - Acceso a: ruta /socket.io/ y método GET correcto
[2023-04-20T19:32:30.646] [INFO] default - Acceso a: ruta /socket.io/ y método GET correcto
[2023-04-20T19:32:35.872] [INFO] default - Acceso a: ruta /socket.io/ y método GET correcto
[2023-04-20T19:32:41.089] [INFO] default - Acceso a: ruta /socket.io/ y método GET correcto
[2023-04-20T19:32:46.322] [INFO] default - Acceso a: ruta /socket.io/ y método GET correcto
[2023-04-20T19:32:51.542] [INFO] default - Acceso a: ruta /socket.io/ y método GET correcto
[2023-04-20T19:32:56.759] [INFO] default - Acceso a: ruta /socket.io/ y método GET correcto
[2023-04-20T19:32:59.428] [INFO] default - Acceso a: ruta / y método GET correcto
[2023-04-20T19:32:59.430] [INFO] default - Usuario autenticado gs
[2023-04-20T19:32:59.806] [INFO] default - Acceso a: ruta /socket.io/ y método GET correcto
[2023-04-20T19:32:59.825] [INFO] default - Acceso a: ruta /productos y método GET correcto
[2023-04-20T19:32:59.834] [INFO] default - Acceso a: ruta /carrito y método GET correcto
[2023-04-20T19:33:00.023] [INFO] default - Acceso a: ruta /favicon.ico y método GET correcto
[2023-04-20T19:33:01.499] [INFO] default - Acceso a: ruta /socket.io/ y método GET correcto
[2023-04-20T19:33:03.682] [INFO] default - Acceso a: ruta /socket.io/ y método GET correcto
[2023-04-20T19:33:08.891] [INFO] default - Acceso a: ruta /socket.io/ y método GET correcto
[2023-04-20T19:33:09.562] [INFO] default - Acceso a: ruta /logout y método GET correcto
[2023-04-20T19:33:09.754] [INFO] default - Acceso a: ruta /end y método GET correcto
[2023-04-20T19:41:35.706] [INFO] default - Mongodb conectado ac-glxxux7-shard-00-00.e0dov1u.mongodb.net
[2023-04-20T19:41:36.063] [INFO] default - conectado!
[2023-04-20T19:43:36.711] [INFO] default - Acceso a: ruta / y método GET correcto
[2023-04-20T19:43:36.867] [INFO] default - Acceso a: ruta /login y método GET correcto
[2023-04-20T19:43:48.985] [INFO] default - Acceso a: ruta /login y método POST correcto
[2023-04-20T19:43:49.503] [INFO] default - Acceso a: ruta / y método GET correcto
[2023-04-20T19:43:49.505] [INFO] default - Usuario autenticado gs
[2023-04-20T19:43:49.981] [INFO] default - Acceso a: ruta /socket.io/ y método GET correcto
[2023-04-20T19:43:50.516] [INFO] default - Acceso a: ruta /carrito y método GET correcto
[2023-04-20T19:43:50.535] [INFO] default - Acceso a: ruta /productos y método GET correcto
[2023-04-20T19:43:51.333] [INFO] default - Acceso a: ruta /socket.io/ y método GET correcto
[2023-04-20T19:43:54.095] [INFO] default - Acceso a: ruta /socket.io/ y método GET correcto
[2023-04-20T19:43:59.354] [INFO] default - Acceso a: ruta /socket.io/ y método GET correcto
[2023-04-20T19:44:04.586] [INFO] default - Acceso a: ruta /socket.io/ y método GET correcto
[2023-04-20T19:44:09.809] [INFO] default - Acceso a: ruta /socket.io/ y método GET correcto
[2023-04-20T19:44:15.054] [INFO] default - Acceso a: ruta /socket.io/ y método GET correcto
[2023-04-20T19:44:20.263] [INFO] default - Acceso a: ruta /socket.io/ y método GET correcto
[2023-04-20T19:44:25.496] [INFO] default - Acceso a: ruta /socket.io/ y método GET correcto
[2023-04-20T19:44:30.698] [INFO] default - Acceso a: ruta /socket.io/ y método GET correcto
[2023-04-20T19:44:35.940] [INFO] default - Acceso a: ruta /socket.io/ y método GET correcto
[2023-04-20T19:44:41.388] [INFO] default - Acceso a: ruta /socket.io/ y método GET correcto
[2023-04-20T19:44:46.608] [INFO] default - Acceso a: ruta /socket.io/ y método GET correcto
[2023-04-20T19:44:51.822] [INFO] default - Acceso a: ruta /socket.io/ y método GET correcto
[2023-04-20T19:44:57.061] [INFO] default - Acceso a: ruta /socket.io/ y método GET correcto
[2023-04-20T19:45:02.284] [INFO] default - Acceso a: ruta /socket.io/ y método GET correcto
[2023-04-20T19:45:07.510] [INFO] default - Acceso a: ruta /socket.io/ y método GET correcto
[2023-04-20T19:45:12.751] [INFO] default - Acceso a: ruta /socket.io/ y método GET correcto
[2023-04-20T19:45:17.973] [INFO] default - Acceso a: ruta /socket.io/ y método GET correcto
[2023-04-20T19:45:23.196] [INFO] default - Acceso a: ruta /socket.io/ y método GET correcto
[2023-04-20T19:45:28.418] [INFO] default - Acceso a: ruta /socket.io/ y método GET correcto
[2023-04-20T19:45:33.653] [INFO] default - Acceso a: ruta /socket.io/ y método GET correcto
[2023-04-20T19:45:38.865] [INFO] default - Acceso a: ruta /socket.io/ y método GET correcto
[2023-04-20T19:45:44.080] [INFO] default - Acceso a: ruta /socket.io/ y método GET correcto
[2023-04-20T19:45:49.307] [INFO] default - Acceso a: ruta /socket.io/ y método GET correcto
[2023-04-20T19:45:54.573] [INFO] default - Acceso a: ruta /socket.io/ y método GET correcto
[2023-04-20T19:45:59.818] [INFO] default - Acceso a: ruta /socket.io/ y método GET correcto
[2023-04-20T19:46:05.039] [INFO] default - Acceso a: ruta /socket.io/ y método GET correcto
[2023-04-20T19:46:10.236] [INFO] default - Acceso a: ruta /socket.io/ y método GET correcto
[2023-04-20T19:46:15.455] [INFO] default - Acceso a: ruta /socket.io/ y método GET correcto
[2023-04-20T19:46:20.651] [INFO] default - Acceso a: ruta /socket.io/ y método GET correcto
[2023-04-20T19:46:25.853] [INFO] default - Acceso a: ruta /socket.io/ y método GET correcto
[2023-04-20T19:46:31.069] [INFO] default - Acceso a: ruta /socket.io/ y método GET correcto
[2023-04-20T19:46:37.291] [INFO] default - Acceso a: ruta /socket.io/ y método GET correcto
[2023-04-20T19:46:42.704] [INFO] default - Acceso a: ruta /socket.io/ y método GET correcto
[2023-04-20T19:50:33.633] [INFO] default - Mongodb conectado ac-glxxux7-shard-00-02.e0dov1u.mongodb.net
[2023-04-20T19:50:33.886] [INFO] default - conectado!
[2023-04-20T19:50:42.382] [INFO] default - Acceso a: ruta /login y método GET correcto
[2023-04-20T19:50:51.083] [INFO] default - Acceso a: ruta /login y método POST correcto
[2023-04-20T19:50:51.936] [INFO] default - Acceso a: ruta / y método GET correcto
[2023-04-20T19:50:51.940] [INFO] default - Usuario autenticado ds
[2023-04-20T19:50:52.483] [INFO] default - Acceso a: ruta /socket.io/ y método GET correcto
[2023-04-20T19:50:52.590] [INFO] default - Acceso a: ruta /productos y método GET correcto
[2023-04-20T19:50:52.612] [INFO] default - Acceso a: ruta /carrito y método GET correcto
[2023-04-20T19:50:53.719] [INFO] default - Acceso a: ruta /socket.io/ y método GET correcto
[2023-04-20T19:50:55.458] [INFO] default - Acceso a: ruta /socket.io/ y método GET correcto
[2023-04-20T19:50:59.576] [INFO] default - Acceso a: ruta /socket.io/ y método GET correcto
[2023-04-20T19:51:04.801] [INFO] default - Acceso a: ruta /socket.io/ y método GET correcto
[2023-04-20T19:51:10.111] [INFO] default - Acceso a: ruta /socket.io/ y método GET correcto
[2023-04-20T19:51:15.388] [INFO] default - Acceso a: ruta /socket.io/ y método GET correcto
[2023-04-20T19:51:20.823] [INFO] default - Acceso a: ruta /socket.io/ y método GET correcto
[2023-04-20T19:51:26.518] [INFO] default - Acceso a: ruta /socket.io/ y método GET correcto
[2023-04-20T19:51:31.758] [INFO] default - Acceso a: ruta /socket.io/ y método GET correcto
[2023-04-20T19:51:36.983] [INFO] default - Acceso a: ruta /socket.io/ y método GET correcto
[2023-04-20T19:51:42.516] [INFO] default - Acceso a: ruta /socket.io/ y método GET correcto
[2023-04-20T19:51:47.759] [INFO] default - Acceso a: ruta /socket.io/ y método GET correcto
[2023-04-20T19:51:54.147] [INFO] default - Acceso a: ruta /socket.io/ y método GET correcto
[2023-04-20T19:51:59.415] [INFO] default - Acceso a: ruta /socket.io/ y método GET correcto
[2023-04-20T19:52:04.634] [INFO] default - Acceso a: ruta /socket.io/ y método GET correcto
[2023-04-20T19:52:09.876] [INFO] default - Acceso a: ruta /socket.io/ y método GET correcto
[2023-04-20T19:52:15.118] [INFO] default - Acceso a: ruta /socket.io/ y método GET correcto
[2023-04-20T19:52:20.389] [INFO] default - Acceso a: ruta /socket.io/ y método GET correcto
[2023-04-20T19:52:25.588] [INFO] default - Acceso a: ruta /socket.io/ y método GET correcto
[2023-04-20T19:52:30.800] [INFO] default - Acceso a: ruta /socket.io/ y método GET correcto
[2023-04-20T19:52:36.020] [INFO] default - Acceso a: ruta /socket.io/ y método GET correcto
[2023-04-20T19:52:41.243] [INFO] default - Acceso a: ruta /socket.io/ y método GET correcto
[2023-04-20T19:52:46.526] [INFO] default - Acceso a: ruta /socket.io/ y método GET correcto
[2023-04-20T19:52:51.725] [INFO] default - Acceso a: ruta /socket.io/ y método GET correcto
[2023-04-20T19:52:56.935] [INFO] default - Acceso a: ruta /socket.io/ y método GET correcto
[2023-04-20T19:53:02.132] [INFO] default - Acceso a: ruta /socket.io/ y método GET correcto
[2023-04-20T19:53:07.644] [INFO] default - Acceso a: ruta /socket.io/ y método GET correcto
[2023-04-20T19:53:12.835] [INFO] default - Acceso a: ruta /socket.io/ y método GET correcto
[2023-04-20T19:53:19.490] [INFO] default - Acceso a: ruta /socket.io/ y método GET correcto
[2023-04-20T19:53:24.749] [INFO] default - Acceso a: ruta /socket.io/ y método GET correcto
[2023-04-20T19:53:29.961] [INFO] default - Acceso a: ruta /socket.io/ y método GET correcto
[2023-04-20T19:53:35.187] [INFO] default - Acceso a: ruta /socket.io/ y método GET correcto
[2023-04-20T19:53:40.448] [INFO] default - Acceso a: ruta /socket.io/ y método GET correcto
[2023-04-20T19:53:45.839] [INFO] default - Acceso a: ruta /socket.io/ y método GET correcto
[2023-04-20T19:53:51.187] [INFO] default - Acceso a: ruta /socket.io/ y método GET correcto
[2023-04-20T19:53:56.395] [INFO] default - Acceso a: ruta /socket.io/ y método GET correcto
[2023-04-20T19:54:01.613] [INFO] default - Acceso a: ruta /socket.io/ y método GET correcto
[2023-04-20T19:54:06.830] [INFO] default - Acceso a: ruta /socket.io/ y método GET correcto
[2023-04-20T19:54:12.065] [INFO] default - Acceso a: ruta /socket.io/ y método GET correcto
[2023-04-20T19:54:17.273] [INFO] default - Acceso a: ruta /socket.io/ y método GET correcto
[2023-04-20T19:54:22.462] [INFO] default - Acceso a: ruta /socket.io/ y método GET correcto
[2023-04-20T19:54:23.106] [INFO] default - Acceso a: ruta / y método GET correcto
[2023-04-20T19:54:23.124] [INFO] default - Usuario autenticado ds
[2023-04-20T19:54:23.675] [INFO] default - Acceso a: ruta /socket.io/ y método GET correcto
[2023-04-20T19:54:23.736] [INFO] default - Acceso a: ruta /productos y método GET correcto
[2023-04-20T19:54:23.868] [INFO] default - Acceso a: ruta /carrito y método GET correcto
[2023-04-20T19:54:24.820] [INFO] default - Acceso a: ruta /socket.io/ y método GET correcto
[2023-04-20T19:54:27.590] [INFO] default - Acceso a: ruta /socket.io/ y método GET correcto
[2023-04-20T19:54:31.211] [INFO] default - Acceso a: ruta /socket.io/ y método GET correcto
[2023-04-20T19:54:35.976] [INFO] default - Acceso a: ruta /socket.io/ y método GET correcto
[2023-04-20T19:54:41.190] [INFO] default - Acceso a: ruta /socket.io/ y método GET correcto
[2023-04-20T19:54:46.464] [INFO] default - Acceso a: ruta /socket.io/ y método GET correcto
[2023-04-20T19:54:51.711] [INFO] default - Acceso a: ruta /socket.io/ y método GET correcto
[2023-04-20T19:54:57.062] [INFO] default - Acceso a: ruta /socket.io/ y método GET correcto
[2023-04-20T19:55:02.392] [INFO] default - Acceso a: ruta /socket.io/ y método GET correcto
[2023-04-20T19:55:07.691] [INFO] default - Acceso a: ruta /socket.io/ y método GET correcto
[2023-04-20T19:55:12.901] [INFO] default - Acceso a: ruta /socket.io/ y método GET correcto
[2023-04-20T19:55:18.112] [INFO] default - Acceso a: ruta /socket.io/ y método GET correcto
[2023-04-20T19:55:22.779] [INFO] default - Acceso a: ruta / y método GET correcto
[2023-04-20T19:55:22.780] [INFO] default - Usuario autenticado ds
[2023-04-20T19:55:23.148] [INFO] default - Acceso a: ruta /socket.io/ y método GET correcto
[2023-04-20T19:55:23.161] [INFO] default - Acceso a: ruta /productos y método GET correcto
[2023-04-20T19:55:23.172] [INFO] default - Acceso a: ruta /carrito y método GET correcto
[2023-04-20T19:55:23.448] [INFO] default - Acceso a: ruta /favicon.ico y método GET correcto
[2023-04-20T19:55:24.245] [INFO] default - Acceso a: ruta /socket.io/ y método GET correcto
[2023-04-20T19:55:26.219] [INFO] default - Acceso a: ruta /socket.io/ y método GET correcto
[2023-04-20T19:55:29.259] [INFO] default - Acceso a: ruta /socket.io/ y método GET correcto
[2023-04-20T19:55:34.454] [INFO] default - Acceso a: ruta /socket.io/ y método GET correcto
[2023-04-20T19:55:39.676] [INFO] default - Acceso a: ruta /socket.io/ y método GET correcto
[2023-04-20T19:55:45.100] [INFO] default - Acceso a: ruta /socket.io/ y método GET correcto
[2023-04-20T19:55:50.317] [INFO] default - Acceso a: ruta /socket.io/ y método GET correcto
[2023-04-20T19:55:55.584] [INFO] default - Acceso a: ruta /socket.io/ y método GET correcto
[2023-04-20T19:56:00.821] [INFO] default - Acceso a: ruta /socket.io/ y método GET correcto
[2023-04-20T19:56:06.106] [INFO] default - Acceso a: ruta /socket.io/ y método GET correcto
[2023-04-20T19:56:11.389] [INFO] default - Acceso a: ruta /socket.io/ y método GET correcto
[2023-04-20T19:56:16.644] [INFO] default - Acceso a: ruta /socket.io/ y método GET correcto
[2023-04-20T19:56:21.899] [INFO] default - Acceso a: ruta /socket.io/ y método GET correcto
[2023-04-20T19:56:27.669] [INFO] default - Acceso a: ruta /socket.io/ y método GET correcto
[2023-04-20T19:56:32.960] [INFO] default - Acceso a: ruta /socket.io/ y método GET correcto
[2023-04-20T19:56:38.284] [INFO] default - Acceso a: ruta /socket.io/ y método GET correcto
[2023-04-20T19:56:43.698] [INFO] default - Acceso a: ruta /socket.io/ y método GET correcto
[2023-04-20T19:56:50.492] [INFO] default - Acceso a: ruta /socket.io/ y método GET correcto
[2023-04-20T19:56:57.600] [INFO] default - Acceso a: ruta /socket.io/ y método GET correcto
[2023-04-20T19:57:03.655] [INFO] default - Acceso a: ruta /socket.io/ y método GET correcto
[2023-04-20T19:57:08.939] [INFO] default - Acceso a: ruta /socket.io/ y método GET correcto
[2023-04-20T19:57:14.152] [INFO] default - Acceso a: ruta /socket.io/ y método GET correcto
[2023-04-20T19:57:19.559] [INFO] default - Acceso a: ruta /socket.io/ y método GET correcto
[2023-04-20T19:57:24.900] [INFO] default - Acceso a: ruta /socket.io/ y método GET correcto
[2023-04-20T19:57:30.344] [INFO] default - Acceso a: ruta /socket.io/ y método GET correcto
[2023-04-20T19:57:36.569] [INFO] default - Acceso a: ruta /socket.io/ y método GET correcto
[2023-04-20T19:57:41.852] [INFO] default - Acceso a: ruta /socket.io/ y método GET correcto
[2023-04-20T19:57:47.105] [INFO] default - Acceso a: ruta /socket.io/ y método GET correcto
[2023-04-20T19:57:52.323] [INFO] default - Acceso a: ruta /socket.io/ y método GET correcto
[2023-04-20T19:57:58.035] [INFO] default - Acceso a: ruta /socket.io/ y método GET correcto
[2023-04-20T19:58:03.302] [INFO] default - Acceso a: ruta /socket.io/ y método GET correcto
[2023-04-20T19:58:08.769] [INFO] default - Acceso a: ruta /socket.io/ y método GET correcto
[2023-04-20T19:58:13.993] [INFO] default - Acceso a: ruta /socket.io/ y método GET correcto
[2023-04-20T19:58:19.210] [INFO] default - Acceso a: ruta /socket.io/ y método GET correcto
[2023-04-20T19:58:24.430] [INFO] default - Acceso a: ruta /socket.io/ y método GET correcto
[2023-04-20T19:58:29.656] [INFO] default - Acceso a: ruta /socket.io/ y método GET correcto
[2023-04-20T19:58:34.872] [INFO] default - Acceso a: ruta /socket.io/ y método GET correcto
[2023-04-20T19:58:40.358] [INFO] default - Acceso a: ruta /socket.io/ y método GET correcto
[2023-04-20T19:58:45.566] [INFO] default - Acceso a: ruta /socket.io/ y método GET correcto
[2023-04-20T19:58:50.791] [INFO] default - Acceso a: ruta /socket.io/ y método GET correcto
[2023-04-20T19:58:56.000] [INFO] default - Acceso a: ruta /socket.io/ y método GET correcto
[2023-04-20T19:59:01.281] [INFO] default - Acceso a: ruta /socket.io/ y método GET correcto
[2023-04-20T19:59:06.680] [INFO] default - Acceso a: ruta /socket.io/ y método GET correcto
[2023-04-20T19:59:11.952] [INFO] default - Acceso a: ruta /socket.io/ y método GET correcto
[2023-04-20T19:59:17.165] [INFO] default - Acceso a: ruta /socket.io/ y método GET correcto
[2023-04-20T19:59:22.364] [INFO] default - Acceso a: ruta /socket.io/ y método GET correcto
[2023-04-20T19:59:27.879] [INFO] default - Acceso a: ruta /socket.io/ y método GET correcto
[2023-04-20T19:59:33.427] [INFO] default - Acceso a: ruta /socket.io/ y método GET correcto
[2023-04-20T19:59:38.750] [INFO] default - Acceso a: ruta /socket.io/ y método GET correcto
[2023-04-20T19:59:43.960] [INFO] default - Acceso a: ruta /socket.io/ y método GET correcto
[2023-04-20T19:59:49.180] [INFO] default - Acceso a: ruta /socket.io/ y método GET correcto
[2023-04-20T19:59:54.430] [INFO] default - Acceso a: ruta /socket.io/ y método GET correcto
[2023-04-20T19:59:59.768] [INFO] default - Acceso a: ruta /socket.io/ y método GET correcto
[2023-04-20T20:00:05.068] [INFO] default - Acceso a: ruta /socket.io/ y método GET correcto
[2023-04-20T20:00:10.402] [INFO] default - Acceso a: ruta /socket.io/ y método GET correcto
[2023-04-20T20:00:15.610] [INFO] default - Acceso a: ruta /socket.io/ y método GET correcto
[2023-04-20T20:00:21.032] [INFO] default - Acceso a: ruta /socket.io/ y método GET correcto
[2023-04-20T20:00:26.278] [INFO] default - Acceso a: ruta /socket.io/ y método GET correcto
[2023-04-20T20:00:31.600] [INFO] default - Acceso a: ruta /socket.io/ y método GET correcto
[2023-04-20T20:00:36.901] [INFO] default - Acceso a: ruta /socket.io/ y método GET correcto
[2023-04-20T20:00:42.221] [INFO] default - Acceso a: ruta /socket.io/ y método GET correcto
[2023-04-20T20:00:47.423] [INFO] default - Acceso a: ruta /socket.io/ y método GET correcto
[2023-04-20T20:00:52.671] [INFO] default - Acceso a: ruta /socket.io/ y método GET correcto
[2023-04-20T20:00:57.976] [INFO] default - Acceso a: ruta /socket.io/ y método GET correcto
[2023-04-20T20:01:03.345] [INFO] default - Acceso a: ruta /socket.io/ y método GET correcto
[2023-04-20T20:01:08.556] [INFO] default - Acceso a: ruta /socket.io/ y método GET correcto
[2023-04-20T20:01:14.004] [INFO] default - Acceso a: ruta /socket.io/ y método GET correcto
[2023-04-20T20:01:19.341] [INFO] default - Acceso a: ruta /socket.io/ y método GET correcto
[2023-04-20T20:01:24.619] [INFO] default - Acceso a: ruta /socket.io/ y método GET correcto
[2023-04-20T20:01:29.877] [INFO] default - Acceso a: ruta /socket.io/ y método GET correcto
[2023-04-20T20:01:35.566] [INFO] default - Acceso a: ruta /socket.io/ y método GET correcto
[2023-04-20T20:01:40.787] [INFO] default - Acceso a: ruta /socket.io/ y método GET correcto
[2023-04-20T20:01:46.004] [INFO] default - Acceso a: ruta /socket.io/ y método GET correcto
[2023-04-20T20:01:51.246] [INFO] default - Acceso a: ruta /socket.io/ y método GET correcto
[2023-04-20T20:01:56.465] [INFO] default - Acceso a: ruta /socket.io/ y método GET correcto
[2023-04-20T20:02:01.676] [INFO] default - Acceso a: ruta /socket.io/ y método GET correcto
[2023-04-20T20:02:06.901] [INFO] default - Acceso a: ruta /socket.io/ y método GET correcto
[2023-04-20T20:02:12.122] [INFO] default - Acceso a: ruta /socket.io/ y método GET correcto
[2023-04-20T20:02:17.394] [INFO] default - Acceso a: ruta /socket.io/ y método GET correcto
[2023-04-20T20:02:22.609] [INFO] default - Acceso a: ruta /socket.io/ y método GET correcto
[2023-04-20T20:02:27.939] [INFO] default - Acceso a: ruta /socket.io/ y método GET correcto
[2023-04-20T20:02:33.206] [INFO] default - Acceso a: ruta /socket.io/ y método GET correcto
[2023-04-20T20:02:38.601] [INFO] default - Acceso a: ruta /socket.io/ y método GET correcto
[2023-04-20T20:02:44.341] [INFO] default - Acceso a: ruta /socket.io/ y método GET correcto
[2023-04-20T20:02:49.718] [INFO] default - Acceso a: ruta /socket.io/ y método GET correcto
[2023-04-20T20:02:54.935] [INFO] default - Acceso a: ruta /socket.io/ y método GET correcto
[2023-04-20T20:03:00.168] [INFO] default - Acceso a: ruta /socket.io/ y método GET correcto
[2023-04-20T20:03:05.391] [INFO] default - Acceso a: ruta /socket.io/ y método GET correcto
[2023-04-20T20:03:10.603] [INFO] default - Acceso a: ruta /socket.io/ y método GET correcto
[2023-04-20T20:03:15.973] [INFO] default - Acceso a: ruta /socket.io/ y método GET correcto
[2023-04-20T20:03:21.355] [INFO] default - Acceso a: ruta /socket.io/ y método GET correcto
[2023-04-20T20:03:26.577] [INFO] default - Acceso a: ruta /socket.io/ y método GET correcto
[2023-04-20T20:03:31.822] [INFO] default - Acceso a: ruta /socket.io/ y método GET correcto
[2023-04-20T20:03:51.273] [INFO] default - Mongodb conectado ac-glxxux7-shard-00-00.e0dov1u.mongodb.net
[2023-04-20T20:03:51.395] [INFO] default - conectado!
[2023-04-20T20:03:51.765] [INFO] default - Acceso a: ruta /socket.io/ y método GET correcto
[2023-04-20T20:04:00.420] [INFO] default - Acceso a: ruta /socket.io/ y método GET correcto
[2023-04-20T20:04:05.691] [INFO] default - Acceso a: ruta /socket.io/ y método GET correcto
[2023-04-20T20:04:09.343] [INFO] default - Acceso a: ruta / y método GET correcto
[2023-04-20T20:04:09.345] [INFO] default - Usuario autenticado ds
[2023-04-20T20:04:10.097] [INFO] default - Acceso a: ruta /socket.io/ y método GET correcto
[2023-04-20T20:04:10.555] [INFO] default - Acceso a: ruta /carrito y método GET correcto
[2023-04-20T20:04:10.570] [INFO] default - Acceso a: ruta /productos y método GET correcto
[2023-04-20T20:04:10.867] [INFO] default - Acceso a: ruta /socket.io/ y método GET correcto
[2023-04-20T20:04:13.135] [INFO] default - Acceso a: ruta /socket.io/ y método GET correcto
[2023-04-20T20:04:14.018] [INFO] default - Acceso a: ruta / y método GET correcto
[2023-04-20T20:04:14.019] [INFO] default - Usuario autenticado ds
[2023-04-20T20:04:14.499] [INFO] default - Acceso a: ruta /socket.io/ y método GET correcto
[2023-04-20T20:04:14.519] [INFO] default - Acceso a: ruta /productos y método GET correcto
[2023-04-20T20:04:14.531] [INFO] default - Acceso a: ruta /carrito y método GET correcto
[2023-04-20T20:04:15.524] [INFO] default - Acceso a: ruta /socket.io/ y método GET correcto
[2023-04-20T20:04:16.848] [INFO] default - Acceso a: ruta /socket.io/ y método GET correcto
[2023-04-20T20:04:19.353] [INFO] default - Acceso a: ruta /socket.io/ y método GET correcto
[2023-04-20T20:04:24.610] [INFO] default - Acceso a: ruta /socket.io/ y método GET correcto
[2023-04-20T20:04:30.539] [INFO] default - Acceso a: ruta /socket.io/ y método GET correcto
[2023-04-20T20:04:35.775] [INFO] default - Acceso a: ruta /socket.io/ y método GET correcto
[2023-04-20T20:04:41.110] [INFO] default - Acceso a: ruta /socket.io/ y método GET correcto
[2023-04-20T20:04:46.324] [INFO] default - Acceso a: ruta /socket.io/ y método GET correcto
[2023-04-20T20:04:51.580] [INFO] default - Acceso a: ruta /socket.io/ y método GET correcto
[2023-04-20T20:04:56.830] [INFO] default - Acceso a: ruta /socket.io/ y método GET correcto
[2023-04-20T20:05:02.049] [INFO] default - Acceso a: ruta /socket.io/ y método GET correcto
[2023-04-20T20:05:07.315] [INFO] default - Acceso a: ruta /socket.io/ y método GET correcto
[2023-04-20T20:05:12.523] [INFO] default - Acceso a: ruta /socket.io/ y método GET correcto
[2023-04-20T20:05:17.720] [INFO] default - Acceso a: ruta /socket.io/ y método GET correcto
[2023-04-20T20:05:22.922] [INFO] default - Acceso a: ruta /socket.io/ y método GET correcto
[2023-04-20T20:05:28.204] [INFO] default - Acceso a: ruta /socket.io/ y método GET correcto
[2023-04-20T20:05:33.573] [INFO] default - Acceso a: ruta /socket.io/ y método GET correcto
[2023-04-20T20:05:38.841] [INFO] default - Acceso a: ruta /socket.io/ y método GET correcto
[2023-04-20T20:05:44.055] [INFO] default - Acceso a: ruta /socket.io/ y método GET correcto
[2023-04-20T20:05:49.269] [INFO] default - Acceso a: ruta /socket.io/ y método GET correcto
[2023-04-20T20:05:54.487] [INFO] default - Acceso a: ruta /socket.io/ y método GET correcto
[2023-04-20T20:05:59.717] [INFO] default - Acceso a: ruta /socket.io/ y método GET correcto
[2023-04-20T20:06:04.936] [INFO] default - Acceso a: ruta /socket.io/ y método GET correcto
[2023-04-20T20:06:10.139] [INFO] default - Acceso a: ruta /socket.io/ y método GET correcto
[2023-04-20T20:06:15.357] [INFO] default - Acceso a: ruta /socket.io/ y método GET correcto
[2023-04-20T20:06:20.548] [INFO] default - Acceso a: ruta /socket.io/ y método GET correcto
[2023-04-20T20:06:25.779] [INFO] default - Acceso a: ruta /socket.io/ y método GET correcto
[2023-04-20T20:06:30.981] [INFO] default - Acceso a: ruta /socket.io/ y método GET correcto
[2023-04-20T20:06:36.169] [INFO] default - Acceso a: ruta /socket.io/ y método GET correcto
[2023-04-20T20:06:41.356] [INFO] default - Acceso a: ruta /socket.io/ y método GET correcto
[2023-04-20T20:06:46.577] [INFO] default - Acceso a: ruta /socket.io/ y método GET correcto
[2023-04-20T20:06:51.791] [INFO] default - Acceso a: ruta /socket.io/ y método GET correcto
[2023-04-20T20:06:56.989] [INFO] default - Acceso a: ruta /socket.io/ y método GET correcto
[2023-04-20T20:07:02.220] [INFO] default - Acceso a: ruta /socket.io/ y método GET correcto
[2023-04-20T20:07:07.440] [INFO] default - Acceso a: ruta /socket.io/ y método GET correcto
[2023-04-20T20:07:12.656] [INFO] default - Acceso a: ruta /socket.io/ y método GET correcto
[2023-04-20T20:07:17.879] [INFO] default - Acceso a: ruta /socket.io/ y método GET correcto
[2023-04-20T20:07:23.075] [INFO] default - Acceso a: ruta /socket.io/ y método GET correcto
[2023-04-20T20:07:28.288] [INFO] default - Acceso a: ruta /socket.io/ y método GET correcto
[2023-04-20T20:07:33.505] [INFO] default - Acceso a: ruta /socket.io/ y método GET correcto
[2023-04-20T20:07:38.720] [INFO] default - Acceso a: ruta /socket.io/ y método GET correcto
[2023-04-20T20:07:43.918] [INFO] default - Acceso a: ruta /socket.io/ y método GET correcto
[2023-04-20T20:07:49.115] [INFO] default - Acceso a: ruta /socket.io/ y método GET correcto
[2023-04-20T20:07:54.311] [INFO] default - Acceso a: ruta /socket.io/ y método GET correcto
[2023-04-20T20:07:59.511] [INFO] default - Acceso a: ruta /socket.io/ y método GET correcto
[2023-04-20T20:08:04.749] [INFO] default - Acceso a: ruta /socket.io/ y método GET correcto
[2023-04-20T20:08:09.935] [INFO] default - Acceso a: ruta /socket.io/ y método GET correcto
[2023-04-20T20:08:15.143] [INFO] default - Acceso a: ruta /socket.io/ y método GET correcto
[2023-04-20T20:08:20.350] [INFO] default - Acceso a: ruta /socket.io/ y método GET correcto
[2023-04-20T20:08:25.556] [INFO] default - Acceso a: ruta /socket.io/ y método GET correcto
[2023-04-20T20:08:30.753] [INFO] default - Acceso a: ruta /socket.io/ y método GET correcto
[2023-04-20T20:08:35.986] [INFO] default - Acceso a: ruta /socket.io/ y método GET correcto
[2023-04-20T20:08:41.180] [INFO] default - Acceso a: ruta /socket.io/ y método GET correcto
[2023-04-20T20:08:46.375] [INFO] default - Acceso a: ruta /socket.io/ y método GET correcto
[2023-04-20T20:08:51.567] [INFO] default - Acceso a: ruta /socket.io/ y método GET correcto
[2023-04-20T20:08:56.774] [INFO] default - Acceso a: ruta /socket.io/ y método GET correcto
[2023-04-20T20:09:01.969] [INFO] default - Acceso a: ruta /socket.io/ y método GET correcto
[2023-04-20T20:09:07.202] [INFO] default - Acceso a: ruta /socket.io/ y método GET correcto
[2023-04-20T20:09:12.423] [INFO] default - Acceso a: ruta /socket.io/ y método GET correcto
[2023-04-20T20:09:17.632] [INFO] default - Acceso a: ruta /socket.io/ y método GET correcto
[2023-04-20T20:09:22.830] [INFO] default - Acceso a: ruta /socket.io/ y método GET correcto
[2023-04-20T20:09:28.060] [INFO] default - Acceso a: ruta /socket.io/ y método GET correcto
[2023-04-20T20:09:33.267] [INFO] default - Acceso a: ruta /socket.io/ y método GET correcto
[2023-04-20T20:09:38.484] [INFO] default - Acceso a: ruta /socket.io/ y método GET correcto
[2023-04-20T20:09:43.753] [INFO] default - Acceso a: ruta /socket.io/ y método GET correcto
[2023-04-20T20:09:48.959] [INFO] default - Acceso a: ruta /socket.io/ y método GET correcto
[2023-04-20T20:09:54.153] [INFO] default - Acceso a: ruta /socket.io/ y método GET correcto
[2023-04-20T20:09:59.354] [INFO] default - Acceso a: ruta /socket.io/ y método GET correcto
[2023-04-20T20:10:04.625] [INFO] default - Acceso a: ruta /socket.io/ y método GET correcto
[2023-04-20T20:10:09.969] [INFO] default - Acceso a: ruta /socket.io/ y método GET correcto
[2023-04-20T20:10:15.393] [INFO] default - Acceso a: ruta /socket.io/ y método GET correcto
[2023-04-20T20:10:20.609] [INFO] default - Acceso a: ruta /socket.io/ y método GET correcto
[2023-04-20T20:10:25.915] [INFO] default - Acceso a: ruta /socket.io/ y método GET correcto
[2023-04-20T20:10:31.593] [INFO] default - Acceso a: ruta /socket.io/ y método GET correcto
[2023-04-20T20:10:36.858] [INFO] default - Acceso a: ruta /socket.io/ y método GET correcto
[2023-04-20T20:10:42.106] [INFO] default - Acceso a: ruta /socket.io/ y método GET correcto
[2023-04-20T20:10:47.397] [INFO] default - Acceso a: ruta /socket.io/ y método GET correcto
[2023-04-20T20:10:52.588] [INFO] default - Acceso a: ruta /socket.io/ y método GET correcto
[2023-04-20T20:10:57.803] [INFO] default - Acceso a: ruta /socket.io/ y método GET correcto
[2023-04-20T20:11:03.014] [INFO] default - Acceso a: ruta /socket.io/ y método GET correcto
[2023-04-20T20:11:42.533] [INFO] default - Mongodb conectado ac-glxxux7-shard-00-02.e0dov1u.mongodb.net
[2023-04-20T20:11:42.668] [INFO] default - conectado!
[2023-04-20T20:11:44.414] [INFO] default - Acceso a: ruta /socket.io/ y método GET correcto
[2023-04-20T20:11:46.332] [INFO] default - Acceso a: ruta / y método GET correcto
[2023-04-20T20:11:46.335] [INFO] default - Usuario autenticado ds
[2023-04-20T20:13:08.665] [INFO] default - Mongodb conectado ac-glxxux7-shard-00-00.e0dov1u.mongodb.net
[2023-04-20T20:13:08.813] [INFO] default - conectado!
[2023-04-20T20:13:20.511] [INFO] default - Acceso a: ruta /login y método GET correcto
[2023-04-20T20:13:31.462] [INFO] default - Acceso a: ruta /login y método POST correcto
[2023-04-20T20:13:32.256] [INFO] default - Acceso a: ruta / y método GET correcto
[2023-04-20T20:13:32.262] [INFO] default - Usuario autenticado gs
[2023-04-20T20:15:17.117] [INFO] default - Mongodb conectado ac-glxxux7-shard-00-02.e0dov1u.mongodb.net
[2023-04-20T20:15:17.239] [INFO] default - conectado!
[2023-04-20T20:17:00.308] [INFO] default - Mongodb conectado ac-glxxux7-shard-00-02.e0dov1u.mongodb.net
[2023-04-20T20:17:00.458] [INFO] default - conectado!
[2023-04-20T20:17:16.912] [INFO] default - Acceso a: ruta /login y método GET correcto
[2023-04-20T20:17:24.125] [INFO] default - Acceso a: ruta /login y método POST correcto
[2023-04-20T20:17:25.045] [INFO] default - Acceso a: ruta / y método GET correcto
[2023-04-20T20:17:25.047] [INFO] default - Usuario autenticado gs
[2023-04-20T20:18:08.795] [INFO] default - Mongodb conectado ac-glxxux7-shard-00-02.e0dov1u.mongodb.net
[2023-04-20T20:18:08.930] [INFO] default - conectado!
[2023-04-20T20:18:14.257] [INFO] default - Acceso a: ruta /login y método GET correcto
[2023-04-20T20:18:21.991] [INFO] default - Acceso a: ruta /login y método POST correcto
[2023-04-20T20:18:22.819] [INFO] default - Acceso a: ruta / y método GET correcto
[2023-04-20T20:18:22.823] [INFO] default - Usuario autenticado gs
[2023-04-20T20:18:23.367] [INFO] default - Acceso a: ruta /socket.io/ y método GET correcto
[2023-04-20T20:18:23.388] [INFO] default - Acceso a: ruta /productos y método GET correcto
[2023-04-20T20:18:24.049] [INFO] default - Acceso a: ruta /carrito y método GET correcto
[2023-04-20T20:18:24.427] [INFO] default - Acceso a: ruta /socket.io/ y método GET correcto
[2023-04-20T20:18:26.295] [INFO] default - Acceso a: ruta /logout y método GET correcto
[2023-04-20T20:18:26.519] [INFO] default - Acceso a: ruta /end y método GET correcto
[2023-04-20T20:18:34.570] [INFO] default - Acceso a: ruta /login y método GET correcto
[2023-04-20T20:18:36.501] [INFO] default - Acceso a: ruta /register y método GET correcto
[2023-04-20T20:19:12.026] [INFO] default - Acceso a: ruta /register y método POST correcto
[2023-04-20T20:19:12.548] [INFO] default - Acceso a: ruta / y método GET correcto
[2023-04-20T20:19:12.549] [INFO] default - Usuario autenticado cj
[2023-04-20T20:19:12.962] [INFO] default - Acceso a: ruta /socket.io/ y método GET correcto
[2023-04-20T20:19:12.976] [INFO] default - Acceso a: ruta /productos y método GET correcto
[2023-04-20T20:19:12.996] [INFO] default - Acceso a: ruta /carrito y método GET correcto
[2023-04-20T20:19:13.930] [INFO] default - Acceso a: ruta /socket.io/ y método GET correcto
[2023-04-20T20:19:15.715] [INFO] default - Acceso a: ruta /socket.io/ y método GET correcto
[2023-04-20T20:19:19.453] [INFO] default - Acceso a: ruta /socket.io/ y método GET correcto
[2023-04-20T20:19:24.727] [INFO] default - Acceso a: ruta /socket.io/ y método GET correcto
[2023-04-20T20:19:30.001] [INFO] default - Acceso a: ruta /socket.io/ y método GET correcto
[2023-04-20T20:19:35.218] [INFO] default - Acceso a: ruta /socket.io/ y método GET correcto
[2023-04-20T20:19:40.440] [INFO] default - Acceso a: ruta /socket.io/ y método GET correcto
[2023-04-20T20:19:45.665] [INFO] default - Acceso a: ruta /socket.io/ y método GET correcto
[2023-04-20T20:19:50.935] [INFO] default - Acceso a: ruta /socket.io/ y método GET correcto
[2023-04-20T20:19:56.148] [INFO] default - Acceso a: ruta /socket.io/ y método GET correcto
[2023-04-20T20:20:01.357] [INFO] default - Acceso a: ruta /socket.io/ y método GET correcto
[2023-04-20T20:20:06.565] [INFO] default - Acceso a: ruta /socket.io/ y método GET correcto
[2023-04-20T20:20:11.776] [INFO] default - Acceso a: ruta /socket.io/ y método GET correcto
[2023-04-20T20:20:17.031] [INFO] default - Acceso a: ruta /socket.io/ y método GET correcto
[2023-04-20T20:20:22.280] [INFO] default - Acceso a: ruta /socket.io/ y método GET correcto
[2023-04-20T20:20:27.528] [INFO] default - Acceso a: ruta /socket.io/ y método GET correcto
[2023-04-20T20:20:32.736] [INFO] default - Acceso a: ruta /socket.io/ y método GET correcto
[2023-04-20T20:20:37.931] [INFO] default - Acceso a: ruta /socket.io/ y método GET correcto
[2023-04-20T20:20:43.143] [INFO] default - Acceso a: ruta /socket.io/ y método GET correcto
[2023-04-20T20:20:48.360] [INFO] default - Acceso a: ruta /socket.io/ y método GET correcto
[2023-04-20T20:20:53.648] [INFO] default - Acceso a: ruta /socket.io/ y método GET correcto
[2023-04-20T20:20:58.870] [INFO] default - Acceso a: ruta /socket.io/ y método GET correcto
[2023-04-20T20:21:04.188] [INFO] default - Acceso a: ruta /socket.io/ y método GET correcto
[2023-04-20T20:21:09.393] [INFO] default - Acceso a: ruta /socket.io/ y método GET correcto
[2023-04-20T20:21:14.616] [INFO] default - Acceso a: ruta /socket.io/ y método GET correcto
[2023-04-20T20:21:19.825] [INFO] default - Acceso a: ruta /socket.io/ y método GET correcto
[2023-04-20T20:21:25.096] [INFO] default - Acceso a: ruta /socket.io/ y método GET correcto
[2023-04-20T20:21:30.349] [INFO] default - Acceso a: ruta /socket.io/ y método GET correcto
[2023-04-20T20:21:35.561] [INFO] default - Acceso a: ruta /socket.io/ y método GET correcto
[2023-04-20T20:21:40.781] [INFO] default - Acceso a: ruta /socket.io/ y método GET correcto
[2023-04-20T20:21:46.017] [INFO] default - Acceso a: ruta /socket.io/ y método GET correcto
[2023-04-20T20:21:51.225] [INFO] default - Acceso a: ruta /socket.io/ y método GET correcto
[2023-04-20T20:21:56.424] [INFO] default - Acceso a: ruta /socket.io/ y método GET correcto
[2023-04-20T20:22:01.646] [INFO] default - Acceso a: ruta /socket.io/ y método GET correcto
[2023-04-20T20:22:06.860] [INFO] default - Acceso a: ruta /socket.io/ y método GET correcto
[2023-04-20T20:22:12.064] [INFO] default - Acceso a: ruta /socket.io/ y método GET correcto
[2023-04-20T20:22:17.294] [INFO] default - Acceso a: ruta /socket.io/ y método GET correcto
[2023-04-20T20:22:22.515] [INFO] default - Acceso a: ruta /socket.io/ y método GET correcto
[2023-04-20T20:22:27.764] [INFO] default - Acceso a: ruta /socket.io/ y método GET correcto
[2023-04-20T20:22:32.958] [INFO] default - Acceso a: ruta /socket.io/ y método GET correcto
[2023-04-20T20:22:38.164] [INFO] default - Acceso a: ruta /socket.io/ y método GET correcto
[2023-04-20T20:22:43.373] [INFO] default - Acceso a: ruta /socket.io/ y método GET correcto
[2023-04-20T20:22:48.581] [INFO] default - Acceso a: ruta /socket.io/ y método GET correcto
[2023-04-20T20:22:53.800] [INFO] default - Acceso a: ruta /socket.io/ y método GET correcto
[2023-04-20T20:22:59.004] [INFO] default - Acceso a: ruta /socket.io/ y método GET correcto
[2023-04-20T20:23:04.204] [INFO] default - Acceso a: ruta /socket.io/ y método GET correcto
[2023-04-20T20:23:09.421] [INFO] default - Acceso a: ruta /socket.io/ y método GET correcto
[2023-04-20T20:23:14.623] [INFO] default - Acceso a: ruta /socket.io/ y método GET correcto
[2023-04-20T20:23:19.839] [INFO] default - Acceso a: ruta /socket.io/ y método GET correcto
[2023-04-20T20:23:25.040] [INFO] default - Acceso a: ruta /socket.io/ y método GET correcto
[2023-04-20T20:23:30.250] [INFO] default - Acceso a: ruta /socket.io/ y método GET correcto
[2023-04-20T20:23:35.457] [INFO] default - Acceso a: ruta /socket.io/ y método GET correcto
[2023-04-20T20:23:40.655] [INFO] default - Acceso a: ruta /socket.io/ y método GET correcto
[2023-04-20T20:23:45.870] [INFO] default - Acceso a: ruta /socket.io/ y método GET correcto
[2023-04-20T20:23:51.093] [INFO] default - Acceso a: ruta /socket.io/ y método GET correcto
[2023-04-20T20:23:56.334] [INFO] default - Acceso a: ruta /socket.io/ y método GET correcto
[2023-04-20T20:24:01.528] [INFO] default - Acceso a: ruta /socket.io/ y método GET correcto
[2023-04-20T20:24:06.741] [INFO] default - Acceso a: ruta /socket.io/ y método GET correcto
[2023-04-20T20:24:11.935] [INFO] default - Acceso a: ruta /socket.io/ y método GET correcto
[2023-04-20T20:24:17.142] [INFO] default - Acceso a: ruta /socket.io/ y método GET correcto
[2023-04-20T20:24:22.339] [INFO] default - Acceso a: ruta /socket.io/ y método GET correcto
[2023-04-20T20:24:27.542] [INFO] default - Acceso a: ruta /socket.io/ y método GET correcto
[2023-04-20T20:24:32.864] [INFO] default - Acceso a: ruta /socket.io/ y método GET correcto
[2023-04-20T20:24:38.082] [INFO] default - Acceso a: ruta /socket.io/ y método GET correcto
[2023-04-20T20:24:43.323] [INFO] default - Acceso a: ruta /socket.io/ y método GET correcto
[2023-04-20T20:24:48.554] [INFO] default - Acceso a: ruta /socket.io/ y método GET correcto
[2023-04-20T20:24:53.791] [INFO] default - Acceso a: ruta /socket.io/ y método GET correcto
[2023-04-20T20:24:59.003] [INFO] default - Acceso a: ruta /socket.io/ y método GET correcto
[2023-04-20T20:25:04.301] [INFO] default - Acceso a: ruta /socket.io/ y método GET correcto
[2023-04-20T20:25:09.519] [INFO] default - Acceso a: ruta /socket.io/ y método GET correcto
[2023-04-20T20:25:14.728] [INFO] default - Acceso a: ruta /socket.io/ y método GET correcto
[2023-04-20T20:25:19.944] [INFO] default - Acceso a: ruta /socket.io/ y método GET correcto
[2023-04-20T20:25:25.168] [INFO] default - Acceso a: ruta /socket.io/ y método GET correcto
[2023-04-20T20:25:30.382] [INFO] default - Acceso a: ruta /socket.io/ y método GET correcto
[2023-04-20T20:25:35.580] [INFO] default - Acceso a: ruta /socket.io/ y método GET correcto
[2023-04-20T20:25:40.775] [INFO] default - Acceso a: ruta /socket.io/ y método GET correcto
[2023-04-20T20:25:45.997] [INFO] default - Acceso a: ruta /socket.io/ y método GET correcto
[2023-04-20T20:25:51.197] [INFO] default - Acceso a: ruta /socket.io/ y método GET correcto
[2023-04-20T20:25:56.394] [INFO] default - Acceso a: ruta /socket.io/ y método GET correcto
[2023-04-20T20:26:01.606] [INFO] default - Acceso a: ruta /socket.io/ y método GET correcto
[2023-04-20T20:26:06.839] [INFO] default - Acceso a: ruta /socket.io/ y método GET correcto
[2023-04-20T20:26:12.151] [INFO] default - Acceso a: ruta /socket.io/ y método GET correcto
[2023-04-20T20:26:17.375] [INFO] default - Acceso a: ruta /socket.io/ y método GET correcto
[2023-04-20T20:26:22.599] [INFO] default - Acceso a: ruta /socket.io/ y método GET correcto
[2023-04-20T20:26:27.844] [INFO] default - Acceso a: ruta /socket.io/ y método GET correcto
[2023-04-20T20:26:33.050] [INFO] default - Acceso a: ruta /socket.io/ y método GET correcto
[2023-04-20T20:26:38.258] [INFO] default - Acceso a: ruta /socket.io/ y método GET correcto
[2023-04-20T20:26:43.471] [INFO] default - Acceso a: ruta /socket.io/ y método GET correcto
[2023-04-20T20:26:48.685] [INFO] default - Acceso a: ruta /socket.io/ y método GET correcto
[2023-04-20T20:26:53.888] [INFO] default - Acceso a: ruta /socket.io/ y método GET correcto
[2023-04-20T20:26:59.082] [INFO] default - Acceso a: ruta /socket.io/ y método GET correcto
[2023-04-20T20:27:04.276] [INFO] default - Acceso a: ruta /socket.io/ y método GET correcto
[2023-04-20T20:27:09.490] [INFO] default - Acceso a: ruta /socket.io/ y método GET correcto
[2023-04-20T20:27:14.742] [INFO] default - Acceso a: ruta /socket.io/ y método GET correcto
[2023-04-20T20:27:20.163] [INFO] default - Acceso a: ruta /socket.io/ y método GET correcto
[2023-04-20T20:27:25.395] [INFO] default - Acceso a: ruta /socket.io/ y método GET correcto
[2023-04-20T20:27:30.601] [INFO] default - Acceso a: ruta /socket.io/ y método GET correcto
[2023-04-20T20:27:35.798] [INFO] default - Acceso a: ruta /socket.io/ y método GET correcto
[2023-04-20T20:27:41.009] [INFO] default - Acceso a: ruta /socket.io/ y método GET correcto
[2023-04-20T20:27:46.200] [INFO] default - Acceso a: ruta /socket.io/ y método GET correcto
[2023-04-20T20:27:51.403] [INFO] default - Acceso a: ruta /socket.io/ y método GET correcto
[2023-04-20T20:27:56.632] [INFO] default - Acceso a: ruta /socket.io/ y método GET correcto
[2023-04-20T20:28:01.878] [INFO] default - Acceso a: ruta /socket.io/ y método GET correcto
[2023-04-20T20:28:07.125] [INFO] default - Acceso a: ruta /socket.io/ y método GET correcto
[2023-04-20T20:28:12.340] [INFO] default - Acceso a: ruta /socket.io/ y método GET correcto
