[2023-04-04T23:52:03.404] [WARN] warnFile - Recurso Inexistente: ruta / y método GET no definida
[2023-04-04T23:52:26.295] [WARN] warnFile - Recurso Inexistente: ruta / y método GET no definida
[2023-04-04T23:52:50.821] [WARN] warnFile - Recurso Inexistente: ruta / y método GET no definida
[2023-04-04T23:53:27.557] [WARN] warnFile - Recurso Inexistente: ruta / y método GET no definida
[2023-04-04T23:53:30.902] [WARN] warnFile - Recurso Inexistente: ruta / y método GET no definida
[2023-04-04T23:54:14.012] [WARN] warnFile - Recurso Inexistente: ruta / y método GET no definida
[2023-04-05T00:25:28.157] [WARN] warnFile - Recurso Inexistente: ruta / y método GET no definida
[2023-04-05T00:25:33.811] [WARN] warnFile - Recurso Inexistente: ruta / y método GET no definida
[2023-04-05T00:25:37.626] [WARN] warnFile - Recurso Inexistente: ruta / y método GET no definida
[2023-04-05T00:25:56.119] [WARN] warnFile - Recurso Inexistente: ruta / y método GET no definida
[2023-04-05T00:27:57.408] [WARN] warnFile - Recurso Inexistente: ruta / y método GET no definida
[2023-04-05T00:28:14.321] [WARN] warnFile - Recurso Inexistente: ruta / y método GET no definida
[2023-04-05T00:37:45.379] [WARN] warnFile - Recurso Inexistente: ruta /products y método GET no definida
[2023-04-05T00:50:51.506] [WARN] warnFile - Recurso Inexistente: ruta / y método GET no definida
[2023-04-19T15:14:46.959] [WARN] warnFile - Recurso Inexistente: ruta /favicon.ico y método GET no definida
[2023-04-19T15:15:06.471] [WARN] warnFile - Recurso Inexistente: ruta /favicon.ico y método GET no definida
[2023-04-19T15:15:19.903] [WARN] warnFile - Recurso Inexistente: ruta /carrito y método GET no definida
[2023-04-19T15:24:45.227] [WARN] warnFile - Recurso Inexistente: ruta /productos y método GET no definida
[2023-04-19T15:25:15.698] [WARN] warnFile - Recurso Inexistente: ruta /cafeteria/register y método GET no definida
[2023-04-19T15:28:11.612] [WARN] warnFile - Recurso Inexistente: ruta /cafeteria/register y método GET no definida
[2023-04-19T15:31:35.322] [WARN] warnFile - Recurso Inexistente: ruta /favicon.ico y método GET no definida
[2023-04-19T15:36:21.100] [WARN] warnFile - Recurso Inexistente: ruta /favicon.ico y método GET no definida
[2023-04-19T15:36:26.765] [WARN] warnFile - Recurso Inexistente: ruta /cafeteria/login y método GET no definida
[2023-04-19T16:16:22.145] [WARN] warnFile - Recurso Inexistente: ruta /registeer y método GET no definida
[2023-04-19T16:16:22.589] [WARN] warnFile - Recurso Inexistente: ruta /favicon.ico y método GET no definida
[2023-04-20T19:29:02.722] [WARN] warnFile - Recurso Inexistente: ruta /socket.io/ y método GET no definida
[2023-04-20T19:29:02.767] [WARN] warnFile - Recurso Inexistente: ruta /productos y método GET no definida
[2023-04-20T19:29:03.080] [WARN] warnFile - Recurso Inexistente: ruta /carrito y método GET no definida
[2023-04-20T19:29:03.699] [WARN] warnFile - Recurso Inexistente: ruta /socket.io/ y método GET no definida
[2023-04-20T19:29:06.904] [WARN] warnFile - Recurso Inexistente: ruta /socket.io/ y método GET no definida
[2023-04-20T19:29:09.846] [WARN] warnFile - Recurso Inexistente: ruta /socket.io/ y método GET no definida
[2023-04-20T19:29:15.085] [WARN] warnFile - Recurso Inexistente: ruta /socket.io/ y método GET no definida
[2023-04-20T19:29:20.307] [WARN] warnFile - Recurso Inexistente: ruta /socket.io/ y método GET no definida
[2023-04-20T19:29:25.504] [WARN] warnFile - Recurso Inexistente: ruta /socket.io/ y método GET no definida
[2023-04-20T19:29:30.721] [WARN] warnFile - Recurso Inexistente: ruta /socket.io/ y método GET no definida
[2023-04-20T19:29:35.960] [WARN] warnFile - Recurso Inexistente: ruta /socket.io/ y método GET no definida
[2023-04-20T19:29:41.323] [WARN] warnFile - Recurso Inexistente: ruta /socket.io/ y método GET no definida
[2023-04-20T19:29:46.529] [WARN] warnFile - Recurso Inexistente: ruta /socket.io/ y método GET no definida
[2023-04-20T19:29:51.768] [WARN] warnFile - Recurso Inexistente: ruta /socket.io/ y método GET no definida
[2023-04-20T19:29:56.967] [WARN] warnFile - Recurso Inexistente: ruta /socket.io/ y método GET no definida
[2023-04-20T19:30:03.459] [WARN] warnFile - Recurso Inexistente: ruta /socket.io/ y método GET no definida
[2023-04-20T19:30:09.184] [WARN] warnFile - Recurso Inexistente: ruta /socket.io/ y método GET no definida
[2023-04-20T19:30:14.401] [WARN] warnFile - Recurso Inexistente: ruta /socket.io/ y método GET no definida
[2023-04-20T19:30:19.621] [WARN] warnFile - Recurso Inexistente: ruta /socket.io/ y método GET no definida
[2023-04-20T19:30:24.820] [WARN] warnFile - Recurso Inexistente: ruta /socket.io/ y método GET no definida
[2023-04-20T19:30:30.028] [WARN] warnFile - Recurso Inexistente: ruta /socket.io/ y método GET no definida
[2023-04-20T19:30:35.272] [WARN] warnFile - Recurso Inexistente: ruta /socket.io/ y método GET no definida
[2023-04-20T19:30:40.508] [WARN] warnFile - Recurso Inexistente: ruta /socket.io/ y método GET no definida
[2023-04-20T19:30:45.730] [WARN] warnFile - Recurso Inexistente: ruta /socket.io/ y método GET no definida
[2023-04-20T19:30:50.952] [WARN] warnFile - Recurso Inexistente: ruta /socket.io/ y método GET no definida
[2023-04-20T19:30:56.216] [WARN] warnFile - Recurso Inexistente: ruta /socket.io/ y método GET no definida
[2023-04-20T19:31:01.419] [WARN] warnFile - Recurso Inexistente: ruta /socket.io/ y método GET no definida
[2023-04-20T19:31:06.645] [WARN] warnFile - Recurso Inexistente: ruta /socket.io/ y método GET no definida
[2023-04-20T19:31:11.864] [WARN] warnFile - Recurso Inexistente: ruta /socket.io/ y método GET no definida
[2023-04-20T19:31:17.079] [WARN] warnFile - Recurso Inexistente: ruta /socket.io/ y método GET no definida
[2023-04-20T19:31:22.345] [WARN] warnFile - Recurso Inexistente: ruta /socket.io/ y método GET no definida
[2023-04-20T19:31:27.569] [WARN] warnFile - Recurso Inexistente: ruta /socket.io/ y método GET no definida
[2023-04-20T19:31:32.952] [WARN] warnFile - Recurso Inexistente: ruta /socket.io/ y método GET no definida
[2023-04-20T19:31:38.171] [WARN] warnFile - Recurso Inexistente: ruta /socket.io/ y método GET no definida
[2023-04-20T19:31:43.374] [WARN] warnFile - Recurso Inexistente: ruta /socket.io/ y método GET no definida
[2023-04-20T19:31:48.595] [WARN] warnFile - Recurso Inexistente: ruta /socket.io/ y método GET no definida
[2023-04-20T19:31:53.851] [WARN] warnFile - Recurso Inexistente: ruta /socket.io/ y método GET no definida
[2023-04-20T19:31:59.088] [WARN] warnFile - Recurso Inexistente: ruta /socket.io/ y método GET no definida
[2023-04-20T19:32:04.287] [WARN] warnFile - Recurso Inexistente: ruta /socket.io/ y método GET no definida
[2023-04-20T19:32:09.492] [WARN] warnFile - Recurso Inexistente: ruta /socket.io/ y método GET no definida
[2023-04-20T19:32:14.949] [WARN] warnFile - Recurso Inexistente: ruta /socket.io/ y método GET no definida
[2023-04-20T19:32:20.188] [WARN] warnFile - Recurso Inexistente: ruta /socket.io/ y método GET no definida
[2023-04-20T19:32:25.419] [WARN] warnFile - Recurso Inexistente: ruta /socket.io/ y método GET no definida
[2023-04-20T19:32:30.647] [WARN] warnFile - Recurso Inexistente: ruta /socket.io/ y método GET no definida
[2023-04-20T19:32:35.873] [WARN] warnFile - Recurso Inexistente: ruta /socket.io/ y método GET no definida
[2023-04-20T19:32:41.090] [WARN] warnFile - Recurso Inexistente: ruta /socket.io/ y método GET no definida
[2023-04-20T19:32:46.324] [WARN] warnFile - Recurso Inexistente: ruta /socket.io/ y método GET no definida
[2023-04-20T19:32:51.543] [WARN] warnFile - Recurso Inexistente: ruta /socket.io/ y método GET no definida
[2023-04-20T19:32:56.760] [WARN] warnFile - Recurso Inexistente: ruta /socket.io/ y método GET no definida
[2023-04-20T19:32:59.807] [WARN] warnFile - Recurso Inexistente: ruta /socket.io/ y método GET no definida
[2023-04-20T19:32:59.826] [WARN] warnFile - Recurso Inexistente: ruta /productos y método GET no definida
[2023-04-20T19:32:59.835] [WARN] warnFile - Recurso Inexistente: ruta /carrito y método GET no definida
[2023-04-20T19:33:00.025] [WARN] warnFile - Recurso Inexistente: ruta /favicon.ico y método GET no definida
[2023-04-20T19:33:01.503] [WARN] warnFile - Recurso Inexistente: ruta /socket.io/ y método GET no definida
[2023-04-20T19:33:03.684] [WARN] warnFile - Recurso Inexistente: ruta /socket.io/ y método GET no definida
[2023-04-20T19:33:08.893] [WARN] warnFile - Recurso Inexistente: ruta /socket.io/ y método GET no definida
[2023-04-20T19:43:49.987] [WARN] warnFile - Recurso Inexistente: ruta /socket.io/ y método GET no definida
[2023-04-20T19:43:50.521] [WARN] warnFile - Recurso Inexistente: ruta /carrito y método GET no definida
[2023-04-20T19:43:50.536] [WARN] warnFile - Recurso Inexistente: ruta /productos y método GET no definida
[2023-04-20T19:43:51.335] [WARN] warnFile - Recurso Inexistente: ruta /socket.io/ y método GET no definida
[2023-04-20T19:43:54.096] [WARN] warnFile - Recurso Inexistente: ruta /socket.io/ y método GET no definida
[2023-04-20T19:43:59.356] [WARN] warnFile - Recurso Inexistente: ruta /socket.io/ y método GET no definida
[2023-04-20T19:44:04.588] [WARN] warnFile - Recurso Inexistente: ruta /socket.io/ y método GET no definida
[2023-04-20T19:44:09.811] [WARN] warnFile - Recurso Inexistente: ruta /socket.io/ y método GET no definida
[2023-04-20T19:44:15.057] [WARN] warnFile - Recurso Inexistente: ruta /socket.io/ y método GET no definida
[2023-04-20T19:44:20.290] [WARN] warnFile - Recurso Inexistente: ruta /socket.io/ y método GET no definida
[2023-04-20T19:44:25.497] [WARN] warnFile - Recurso Inexistente: ruta /socket.io/ y método GET no definida
[2023-04-20T19:44:30.699] [WARN] warnFile - Recurso Inexistente: ruta /socket.io/ y método GET no definida
[2023-04-20T19:44:35.943] [WARN] warnFile - Recurso Inexistente: ruta /socket.io/ y método GET no definida
[2023-04-20T19:44:41.390] [WARN] warnFile - Recurso Inexistente: ruta /socket.io/ y método GET no definida
[2023-04-20T19:44:46.610] [WARN] warnFile - Recurso Inexistente: ruta /socket.io/ y método GET no definida
[2023-04-20T19:44:51.824] [WARN] warnFile - Recurso Inexistente: ruta /socket.io/ y método GET no definida
[2023-04-20T19:44:57.063] [WARN] warnFile - Recurso Inexistente: ruta /socket.io/ y método GET no definida
[2023-04-20T19:45:02.287] [WARN] warnFile - Recurso Inexistente: ruta /socket.io/ y método GET no definida
[2023-04-20T19:45:07.512] [WARN] warnFile - Recurso Inexistente: ruta /socket.io/ y método GET no definida
[2023-04-20T19:45:12.753] [WARN] warnFile - Recurso Inexistente: ruta /socket.io/ y método GET no definida
[2023-04-20T19:45:17.976] [WARN] warnFile - Recurso Inexistente: ruta /socket.io/ y método GET no definida
[2023-04-20T19:45:23.198] [WARN] warnFile - Recurso Inexistente: ruta /socket.io/ y método GET no definida
[2023-04-20T19:45:28.420] [WARN] warnFile - Recurso Inexistente: ruta /socket.io/ y método GET no definida
[2023-04-20T19:45:33.655] [WARN] warnFile - Recurso Inexistente: ruta /socket.io/ y método GET no definida
[2023-04-20T19:45:38.866] [WARN] warnFile - Recurso Inexistente: ruta /socket.io/ y método GET no definida
[2023-04-20T19:45:44.082] [WARN] warnFile - Recurso Inexistente: ruta /socket.io/ y método GET no definida
[2023-04-20T19:45:49.308] [WARN] warnFile - Recurso Inexistente: ruta /socket.io/ y método GET no definida
[2023-04-20T19:45:54.581] [WARN] warnFile - Recurso Inexistente: ruta /socket.io/ y método GET no definida
[2023-04-20T19:45:59.820] [WARN] warnFile - Recurso Inexistente: ruta /socket.io/ y método GET no definida
[2023-04-20T19:46:05.040] [WARN] warnFile - Recurso Inexistente: ruta /socket.io/ y método GET no definida
[2023-04-20T19:46:10.238] [WARN] warnFile - Recurso Inexistente: ruta /socket.io/ y método GET no definida
[2023-04-20T19:46:15.456] [WARN] warnFile - Recurso Inexistente: ruta /socket.io/ y método GET no definida
[2023-04-20T19:46:20.652] [WARN] warnFile - Recurso Inexistente: ruta /socket.io/ y método GET no definida
[2023-04-20T19:46:25.855] [WARN] warnFile - Recurso Inexistente: ruta /socket.io/ y método GET no definida
[2023-04-20T19:46:31.070] [WARN] warnFile - Recurso Inexistente: ruta /socket.io/ y método GET no definida
[2023-04-20T19:46:37.292] [WARN] warnFile - Recurso Inexistente: ruta /socket.io/ y método GET no definida
[2023-04-20T19:46:42.706] [WARN] warnFile - Recurso Inexistente: ruta /socket.io/ y método GET no definida
[2023-04-20T19:50:52.511] [WARN] warnFile - Recurso Inexistente: ruta /socket.io/ y método GET no definida
[2023-04-20T19:50:52.593] [WARN] warnFile - Recurso Inexistente: ruta /productos y método GET no definida
[2023-04-20T19:50:52.659] [WARN] warnFile - Recurso Inexistente: ruta /carrito y método GET no definida
[2023-04-20T19:50:53.720] [WARN] warnFile - Recurso Inexistente: ruta /socket.io/ y método GET no definida
[2023-04-20T19:50:55.460] [WARN] warnFile - Recurso Inexistente: ruta /socket.io/ y método GET no definida
[2023-04-20T19:50:59.577] [WARN] warnFile - Recurso Inexistente: ruta /socket.io/ y método GET no definida
[2023-04-20T19:51:04.823] [WARN] warnFile - Recurso Inexistente: ruta /socket.io/ y método GET no definida
[2023-04-20T19:51:10.113] [WARN] warnFile - Recurso Inexistente: ruta /socket.io/ y método GET no definida
[2023-04-20T19:51:15.389] [WARN] warnFile - Recurso Inexistente: ruta /socket.io/ y método GET no definida
[2023-04-20T19:51:20.824] [WARN] warnFile - Recurso Inexistente: ruta /socket.io/ y método GET no definida
[2023-04-20T19:51:26.519] [WARN] warnFile - Recurso Inexistente: ruta /socket.io/ y método GET no definida
[2023-04-20T19:51:31.760] [WARN] warnFile - Recurso Inexistente: ruta /socket.io/ y método GET no definida
[2023-04-20T19:51:36.985] [WARN] warnFile - Recurso Inexistente: ruta /socket.io/ y método GET no definida
[2023-04-20T19:51:42.518] [WARN] warnFile - Recurso Inexistente: ruta /socket.io/ y método GET no definida
[2023-04-20T19:51:47.760] [WARN] warnFile - Recurso Inexistente: ruta /socket.io/ y método GET no definida
[2023-04-20T19:51:54.148] [WARN] warnFile - Recurso Inexistente: ruta /socket.io/ y método GET no definida
[2023-04-20T19:51:59.416] [WARN] warnFile - Recurso Inexistente: ruta /socket.io/ y método GET no definida
[2023-04-20T19:52:04.635] [WARN] warnFile - Recurso Inexistente: ruta /socket.io/ y método GET no definida
[2023-04-20T19:52:09.877] [WARN] warnFile - Recurso Inexistente: ruta /socket.io/ y método GET no definida
[2023-04-20T19:52:15.120] [WARN] warnFile - Recurso Inexistente: ruta /socket.io/ y método GET no definida
[2023-04-20T19:52:20.391] [WARN] warnFile - Recurso Inexistente: ruta /socket.io/ y método GET no definida
[2023-04-20T19:52:25.590] [WARN] warnFile - Recurso Inexistente: ruta /socket.io/ y método GET no definida
[2023-04-20T19:52:30.802] [WARN] warnFile - Recurso Inexistente: ruta /socket.io/ y método GET no definida
[2023-04-20T19:52:36.023] [WARN] warnFile - Recurso Inexistente: ruta /socket.io/ y método GET no definida
[2023-04-20T19:52:41.244] [WARN] warnFile - Recurso Inexistente: ruta /socket.io/ y método GET no definida
[2023-04-20T19:52:46.529] [WARN] warnFile - Recurso Inexistente: ruta /socket.io/ y método GET no definida
[2023-04-20T19:52:51.726] [WARN] warnFile - Recurso Inexistente: ruta /socket.io/ y método GET no definida
[2023-04-20T19:52:56.937] [WARN] warnFile - Recurso Inexistente: ruta /socket.io/ y método GET no definida
[2023-04-20T19:53:02.133] [WARN] warnFile - Recurso Inexistente: ruta /socket.io/ y método GET no definida
[2023-04-20T19:53:07.645] [WARN] warnFile - Recurso Inexistente: ruta /socket.io/ y método GET no definida
[2023-04-20T19:53:12.836] [WARN] warnFile - Recurso Inexistente: ruta /socket.io/ y método GET no definida
[2023-04-20T19:53:19.492] [WARN] warnFile - Recurso Inexistente: ruta /socket.io/ y método GET no definida
[2023-04-20T19:53:24.750] [WARN] warnFile - Recurso Inexistente: ruta /socket.io/ y método GET no definida
[2023-04-20T19:53:29.963] [WARN] warnFile - Recurso Inexistente: ruta /socket.io/ y método GET no definida
[2023-04-20T19:53:35.188] [WARN] warnFile - Recurso Inexistente: ruta /socket.io/ y método GET no definida
[2023-04-20T19:53:40.449] [WARN] warnFile - Recurso Inexistente: ruta /socket.io/ y método GET no definida
[2023-04-20T19:53:45.840] [WARN] warnFile - Recurso Inexistente: ruta /socket.io/ y método GET no definida
[2023-04-20T19:53:51.188] [WARN] warnFile - Recurso Inexistente: ruta /socket.io/ y método GET no definida
[2023-04-20T19:53:56.403] [WARN] warnFile - Recurso Inexistente: ruta /socket.io/ y método GET no definida
[2023-04-20T19:54:01.614] [WARN] warnFile - Recurso Inexistente: ruta /socket.io/ y método GET no definida
[2023-04-20T19:54:06.832] [WARN] warnFile - Recurso Inexistente: ruta /socket.io/ y método GET no definida
[2023-04-20T19:54:12.066] [WARN] warnFile - Recurso Inexistente: ruta /socket.io/ y método GET no definida
[2023-04-20T19:54:17.274] [WARN] warnFile - Recurso Inexistente: ruta /socket.io/ y método GET no definida
[2023-04-20T19:54:22.465] [WARN] warnFile - Recurso Inexistente: ruta /socket.io/ y método GET no definida
[2023-04-20T19:54:23.710] [WARN] warnFile - Recurso Inexistente: ruta /socket.io/ y método GET no definida
[2023-04-20T19:54:23.841] [WARN] warnFile - Recurso Inexistente: ruta /productos y método GET no definida
[2023-04-20T19:54:23.920] [WARN] warnFile - Recurso Inexistente: ruta /carrito y método GET no definida
[2023-04-20T19:54:24.821] [WARN] warnFile - Recurso Inexistente: ruta /socket.io/ y método GET no definida
[2023-04-20T19:54:27.592] [WARN] warnFile - Recurso Inexistente: ruta /socket.io/ y método GET no definida
[2023-04-20T19:54:31.214] [WARN] warnFile - Recurso Inexistente: ruta /socket.io/ y método GET no definida
[2023-04-20T19:54:35.977] [WARN] warnFile - Recurso Inexistente: ruta /socket.io/ y método GET no definida
[2023-04-20T19:54:41.192] [WARN] warnFile - Recurso Inexistente: ruta /socket.io/ y método GET no definida
[2023-04-20T19:54:46.466] [WARN] warnFile - Recurso Inexistente: ruta /socket.io/ y método GET no definida
[2023-04-20T19:54:51.712] [WARN] warnFile - Recurso Inexistente: ruta /socket.io/ y método GET no definida
[2023-04-20T19:54:57.064] [WARN] warnFile - Recurso Inexistente: ruta /socket.io/ y método GET no definida
[2023-04-20T19:55:02.396] [WARN] warnFile - Recurso Inexistente: ruta /socket.io/ y método GET no definida
[2023-04-20T19:55:07.692] [WARN] warnFile - Recurso Inexistente: ruta /socket.io/ y método GET no definida
[2023-04-20T19:55:12.905] [WARN] warnFile - Recurso Inexistente: ruta /socket.io/ y método GET no definida
[2023-04-20T19:55:18.113] [WARN] warnFile - Recurso Inexistente: ruta /socket.io/ y método GET no definida
[2023-04-20T19:55:23.150] [WARN] warnFile - Recurso Inexistente: ruta /socket.io/ y método GET no definida
[2023-04-20T19:55:23.164] [WARN] warnFile - Recurso Inexistente: ruta /productos y método GET no definida
[2023-04-20T19:55:23.186] [WARN] warnFile - Recurso Inexistente: ruta /carrito y método GET no definida
[2023-04-20T19:55:23.450] [WARN] warnFile - Recurso Inexistente: ruta /favicon.ico y método GET no definida
[2023-04-20T19:55:24.246] [WARN] warnFile - Recurso Inexistente: ruta /socket.io/ y método GET no definida
[2023-04-20T19:55:26.221] [WARN] warnFile - Recurso Inexistente: ruta /socket.io/ y método GET no definida
[2023-04-20T19:55:29.260] [WARN] warnFile - Recurso Inexistente: ruta /socket.io/ y método GET no definida
[2023-04-20T19:55:34.455] [WARN] warnFile - Recurso Inexistente: ruta /socket.io/ y método GET no definida
[2023-04-20T19:55:39.678] [WARN] warnFile - Recurso Inexistente: ruta /socket.io/ y método GET no definida
[2023-04-20T19:55:45.104] [WARN] warnFile - Recurso Inexistente: ruta /socket.io/ y método GET no definida
[2023-04-20T19:55:50.320] [WARN] warnFile - Recurso Inexistente: ruta /socket.io/ y método GET no definida
[2023-04-20T19:55:55.588] [WARN] warnFile - Recurso Inexistente: ruta /socket.io/ y método GET no definida
[2023-04-20T19:56:00.822] [WARN] warnFile - Recurso Inexistente: ruta /socket.io/ y método GET no definida
[2023-04-20T19:56:06.135] [WARN] warnFile - Recurso Inexistente: ruta /socket.io/ y método GET no definida
[2023-04-20T19:56:11.409] [WARN] warnFile - Recurso Inexistente: ruta /socket.io/ y método GET no definida
[2023-04-20T19:56:16.647] [WARN] warnFile - Recurso Inexistente: ruta /socket.io/ y método GET no definida
[2023-04-20T19:56:21.901] [WARN] warnFile - Recurso Inexistente: ruta /socket.io/ y método GET no definida
[2023-04-20T19:56:27.670] [WARN] warnFile - Recurso Inexistente: ruta /socket.io/ y método GET no definida
[2023-04-20T19:56:32.961] [WARN] warnFile - Recurso Inexistente: ruta /socket.io/ y método GET no definida
[2023-04-20T19:56:38.285] [WARN] warnFile - Recurso Inexistente: ruta /socket.io/ y método GET no definida
[2023-04-20T19:56:43.700] [WARN] warnFile - Recurso Inexistente: ruta /socket.io/ y método GET no definida
[2023-04-20T19:56:50.494] [WARN] warnFile - Recurso Inexistente: ruta /socket.io/ y método GET no definida
[2023-04-20T19:56:57.735] [WARN] warnFile - Recurso Inexistente: ruta /socket.io/ y método GET no definida
[2023-04-20T19:57:03.658] [WARN] warnFile - Recurso Inexistente: ruta /socket.io/ y método GET no definida
[2023-04-20T19:57:08.941] [WARN] warnFile - Recurso Inexistente: ruta /socket.io/ y método GET no definida
[2023-04-20T19:57:14.153] [WARN] warnFile - Recurso Inexistente: ruta /socket.io/ y método GET no definida
[2023-04-20T19:57:19.560] [WARN] warnFile - Recurso Inexistente: ruta /socket.io/ y método GET no definida
[2023-04-20T19:57:24.902] [WARN] warnFile - Recurso Inexistente: ruta /socket.io/ y método GET no definida
[2023-04-20T19:57:30.346] [WARN] warnFile - Recurso Inexistente: ruta /socket.io/ y método GET no definida
[2023-04-20T19:57:36.570] [WARN] warnFile - Recurso Inexistente: ruta /socket.io/ y método GET no definida
[2023-04-20T19:57:41.853] [WARN] warnFile - Recurso Inexistente: ruta /socket.io/ y método GET no definida
[2023-04-20T19:57:47.106] [WARN] warnFile - Recurso Inexistente: ruta /socket.io/ y método GET no definida
[2023-04-20T19:57:52.324] [WARN] warnFile - Recurso Inexistente: ruta /socket.io/ y método GET no definida
[2023-04-20T19:57:58.038] [WARN] warnFile - Recurso Inexistente: ruta /socket.io/ y método GET no definida
[2023-04-20T19:58:03.303] [WARN] warnFile - Recurso Inexistente: ruta /socket.io/ y método GET no definida
[2023-04-20T19:58:08.771] [WARN] warnFile - Recurso Inexistente: ruta /socket.io/ y método GET no definida
[2023-04-20T19:58:13.995] [WARN] warnFile - Recurso Inexistente: ruta /socket.io/ y método GET no definida
[2023-04-20T19:58:19.211] [WARN] warnFile - Recurso Inexistente: ruta /socket.io/ y método GET no definida
[2023-04-20T19:58:24.432] [WARN] warnFile - Recurso Inexistente: ruta /socket.io/ y método GET no definida
[2023-04-20T19:58:29.657] [WARN] warnFile - Recurso Inexistente: ruta /socket.io/ y método GET no definida
[2023-04-20T19:58:34.874] [WARN] warnFile - Recurso Inexistente: ruta /socket.io/ y método GET no definida
[2023-04-20T19:58:40.359] [WARN] warnFile - Recurso Inexistente: ruta /socket.io/ y método GET no definida
[2023-04-20T19:58:45.567] [WARN] warnFile - Recurso Inexistente: ruta /socket.io/ y método GET no definida
[2023-04-20T19:58:50.792] [WARN] warnFile - Recurso Inexistente: ruta /socket.io/ y método GET no definida
[2023-04-20T19:58:56.002] [WARN] warnFile - Recurso Inexistente: ruta /socket.io/ y método GET no definida
[2023-04-20T19:59:01.291] [WARN] warnFile - Recurso Inexistente: ruta /socket.io/ y método GET no definida
[2023-04-20T19:59:06.681] [WARN] warnFile - Recurso Inexistente: ruta /socket.io/ y método GET no definida
[2023-04-20T19:59:11.953] [WARN] warnFile - Recurso Inexistente: ruta /socket.io/ y método GET no definida
[2023-04-20T19:59:17.167] [WARN] warnFile - Recurso Inexistente: ruta /socket.io/ y método GET no definida
[2023-04-20T19:59:22.365] [WARN] warnFile - Recurso Inexistente: ruta /socket.io/ y método GET no definida
[2023-04-20T19:59:27.882] [WARN] warnFile - Recurso Inexistente: ruta /socket.io/ y método GET no definida
[2023-04-20T19:59:33.428] [WARN] warnFile - Recurso Inexistente: ruta /socket.io/ y método GET no definida
[2023-04-20T19:59:38.751] [WARN] warnFile - Recurso Inexistente: ruta /socket.io/ y método GET no definida
[2023-04-20T19:59:43.961] [WARN] warnFile - Recurso Inexistente: ruta /socket.io/ y método GET no definida
[2023-04-20T19:59:49.181] [WARN] warnFile - Recurso Inexistente: ruta /socket.io/ y método GET no definida
[2023-04-20T19:59:54.432] [WARN] warnFile - Recurso Inexistente: ruta /socket.io/ y método GET no definida
[2023-04-20T19:59:59.771] [WARN] warnFile - Recurso Inexistente: ruta /socket.io/ y método GET no definida
[2023-04-20T20:00:05.071] [WARN] warnFile - Recurso Inexistente: ruta /socket.io/ y método GET no definida
[2023-04-20T20:00:10.403] [WARN] warnFile - Recurso Inexistente: ruta /socket.io/ y método GET no definida
[2023-04-20T20:00:15.611] [WARN] warnFile - Recurso Inexistente: ruta /socket.io/ y método GET no definida
[2023-04-20T20:00:21.033] [WARN] warnFile - Recurso Inexistente: ruta /socket.io/ y método GET no definida
[2023-04-20T20:00:26.279] [WARN] warnFile - Recurso Inexistente: ruta /socket.io/ y método GET no definida
[2023-04-20T20:00:31.601] [WARN] warnFile - Recurso Inexistente: ruta /socket.io/ y método GET no definida
[2023-04-20T20:00:36.902] [WARN] warnFile - Recurso Inexistente: ruta /socket.io/ y método GET no definida
[2023-04-20T20:00:42.222] [WARN] warnFile - Recurso Inexistente: ruta /socket.io/ y método GET no definida
[2023-04-20T20:00:47.425] [WARN] warnFile - Recurso Inexistente: ruta /socket.io/ y método GET no definida
[2023-04-20T20:00:52.672] [WARN] warnFile - Recurso Inexistente: ruta /socket.io/ y método GET no definida
[2023-04-20T20:00:57.978] [WARN] warnFile - Recurso Inexistente: ruta /socket.io/ y método GET no definida
[2023-04-20T20:01:03.346] [WARN] warnFile - Recurso Inexistente: ruta /socket.io/ y método GET no definida
[2023-04-20T20:01:08.557] [WARN] warnFile - Recurso Inexistente: ruta /socket.io/ y método GET no definida
[2023-04-20T20:01:14.006] [WARN] warnFile - Recurso Inexistente: ruta /socket.io/ y método GET no definida
[2023-04-20T20:01:19.349] [WARN] warnFile - Recurso Inexistente: ruta /socket.io/ y método GET no definida
[2023-04-20T20:01:24.620] [WARN] warnFile - Recurso Inexistente: ruta /socket.io/ y método GET no definida
[2023-04-20T20:01:29.879] [WARN] warnFile - Recurso Inexistente: ruta /socket.io/ y método GET no definida
[2023-04-20T20:01:35.573] [WARN] warnFile - Recurso Inexistente: ruta /socket.io/ y método GET no definida
[2023-04-20T20:01:40.788] [WARN] warnFile - Recurso Inexistente: ruta /socket.io/ y método GET no definida
[2023-04-20T20:01:46.005] [WARN] warnFile - Recurso Inexistente: ruta /socket.io/ y método GET no definida
[2023-04-20T20:01:51.248] [WARN] warnFile - Recurso Inexistente: ruta /socket.io/ y método GET no definida
[2023-04-20T20:01:56.466] [WARN] warnFile - Recurso Inexistente: ruta /socket.io/ y método GET no definida
[2023-04-20T20:02:01.677] [WARN] warnFile - Recurso Inexistente: ruta /socket.io/ y método GET no definida
[2023-04-20T20:02:06.903] [WARN] warnFile - Recurso Inexistente: ruta /socket.io/ y método GET no definida
[2023-04-20T20:02:12.123] [WARN] warnFile - Recurso Inexistente: ruta /socket.io/ y método GET no definida
[2023-04-20T20:02:17.396] [WARN] warnFile - Recurso Inexistente: ruta /socket.io/ y método GET no definida
[2023-04-20T20:02:22.616] [WARN] warnFile - Recurso Inexistente: ruta /socket.io/ y método GET no definida
[2023-04-20T20:02:27.940] [WARN] warnFile - Recurso Inexistente: ruta /socket.io/ y método GET no definida
[2023-04-20T20:02:33.209] [WARN] warnFile - Recurso Inexistente: ruta /socket.io/ y método GET no definida
[2023-04-20T20:02:38.602] [WARN] warnFile - Recurso Inexistente: ruta /socket.io/ y método GET no definida
[2023-04-20T20:02:44.345] [WARN] warnFile - Recurso Inexistente: ruta /socket.io/ y método GET no definida
[2023-04-20T20:02:49.720] [WARN] warnFile - Recurso Inexistente: ruta /socket.io/ y método GET no definida
[2023-04-20T20:02:54.936] [WARN] warnFile - Recurso Inexistente: ruta /socket.io/ y método GET no definida
[2023-04-20T20:03:00.170] [WARN] warnFile - Recurso Inexistente: ruta /socket.io/ y método GET no definida
[2023-04-20T20:03:05.394] [WARN] warnFile - Recurso Inexistente: ruta /socket.io/ y método GET no definida
[2023-04-20T20:03:10.604] [WARN] warnFile - Recurso Inexistente: ruta /socket.io/ y método GET no definida
[2023-04-20T20:03:15.976] [WARN] warnFile - Recurso Inexistente: ruta /socket.io/ y método GET no definida
[2023-04-20T20:03:21.356] [WARN] warnFile - Recurso Inexistente: ruta /socket.io/ y método GET no definida
[2023-04-20T20:03:26.578] [WARN] warnFile - Recurso Inexistente: ruta /socket.io/ y método GET no definida
[2023-04-20T20:03:31.824] [WARN] warnFile - Recurso Inexistente: ruta /socket.io/ y método GET no definida
[2023-04-20T20:03:51.769] [WARN] warnFile - Recurso Inexistente: ruta /socket.io/ y método GET no definida
[2023-04-20T20:04:00.423] [WARN] warnFile - Recurso Inexistente: ruta /socket.io/ y método GET no definida
[2023-04-20T20:04:05.694] [WARN] warnFile - Recurso Inexistente: ruta /socket.io/ y método GET no definida
[2023-04-20T20:04:10.098] [WARN] warnFile - Recurso Inexistente: ruta /socket.io/ y método GET no definida
[2023-04-20T20:04:10.558] [WARN] warnFile - Recurso Inexistente: ruta /carrito y método GET no definida
[2023-04-20T20:04:10.572] [WARN] warnFile - Recurso Inexistente: ruta /productos y método GET no definida
[2023-04-20T20:04:10.868] [WARN] warnFile - Recurso Inexistente: ruta /socket.io/ y método GET no definida
[2023-04-20T20:04:13.137] [WARN] warnFile - Recurso Inexistente: ruta /socket.io/ y método GET no definida
[2023-04-20T20:04:14.501] [WARN] warnFile - Recurso Inexistente: ruta /socket.io/ y método GET no definida
[2023-04-20T20:04:14.520] [WARN] warnFile - Recurso Inexistente: ruta /productos y método GET no definida
[2023-04-20T20:04:14.532] [WARN] warnFile - Recurso Inexistente: ruta /carrito y método GET no definida
[2023-04-20T20:04:15.525] [WARN] warnFile - Recurso Inexistente: ruta /socket.io/ y método GET no definida
[2023-04-20T20:04:16.849] [WARN] warnFile - Recurso Inexistente: ruta /socket.io/ y método GET no definida
[2023-04-20T20:04:19.368] [WARN] warnFile - Recurso Inexistente: ruta /socket.io/ y método GET no definida
[2023-04-20T20:04:24.612] [WARN] warnFile - Recurso Inexistente: ruta /socket.io/ y método GET no definida
[2023-04-20T20:04:30.543] [WARN] warnFile - Recurso Inexistente: ruta /socket.io/ y método GET no definida
[2023-04-20T20:04:35.778] [WARN] warnFile - Recurso Inexistente: ruta /socket.io/ y método GET no definida
[2023-04-20T20:04:41.111] [WARN] warnFile - Recurso Inexistente: ruta /socket.io/ y método GET no definida
[2023-04-20T20:04:46.328] [WARN] warnFile - Recurso Inexistente: ruta /socket.io/ y método GET no definida
[2023-04-20T20:04:51.581] [WARN] warnFile - Recurso Inexistente: ruta /socket.io/ y método GET no definida
[2023-04-20T20:04:56.831] [WARN] warnFile - Recurso Inexistente: ruta /socket.io/ y método GET no definida
[2023-04-20T20:05:02.050] [WARN] warnFile - Recurso Inexistente: ruta /socket.io/ y método GET no definida
[2023-04-20T20:05:07.316] [WARN] warnFile - Recurso Inexistente: ruta /socket.io/ y método GET no definida
[2023-04-20T20:05:12.524] [WARN] warnFile - Recurso Inexistente: ruta /socket.io/ y método GET no definida
[2023-04-20T20:05:17.722] [WARN] warnFile - Recurso Inexistente: ruta /socket.io/ y método GET no definida
[2023-04-20T20:05:22.924] [WARN] warnFile - Recurso Inexistente: ruta /socket.io/ y método GET no definida
[2023-04-20T20:05:28.205] [WARN] warnFile - Recurso Inexistente: ruta /socket.io/ y método GET no definida
[2023-04-20T20:05:33.575] [WARN] warnFile - Recurso Inexistente: ruta /socket.io/ y método GET no definida
[2023-04-20T20:05:38.843] [WARN] warnFile - Recurso Inexistente: ruta /socket.io/ y método GET no definida
[2023-04-20T20:05:44.057] [WARN] warnFile - Recurso Inexistente: ruta /socket.io/ y método GET no definida
[2023-04-20T20:05:49.272] [WARN] warnFile - Recurso Inexistente: ruta /socket.io/ y método GET no definida
[2023-04-20T20:05:54.489] [WARN] warnFile - Recurso Inexistente: ruta /socket.io/ y método GET no definida
[2023-04-20T20:05:59.718] [WARN] warnFile - Recurso Inexistente: ruta /socket.io/ y método GET no definida
[2023-04-20T20:06:04.937] [WARN] warnFile - Recurso Inexistente: ruta /socket.io/ y método GET no definida
[2023-04-20T20:06:10.140] [WARN] warnFile - Recurso Inexistente: ruta /socket.io/ y método GET no definida
[2023-04-20T20:06:15.358] [WARN] warnFile - Recurso Inexistente: ruta /socket.io/ y método GET no definida
[2023-04-20T20:06:20.549] [WARN] warnFile - Recurso Inexistente: ruta /socket.io/ y método GET no definida
[2023-04-20T20:06:25.780] [WARN] warnFile - Recurso Inexistente: ruta /socket.io/ y método GET no definida
[2023-04-20T20:06:30.983] [WARN] warnFile - Recurso Inexistente: ruta /socket.io/ y método GET no definida
[2023-04-20T20:06:36.171] [WARN] warnFile - Recurso Inexistente: ruta /socket.io/ y método GET no definida
[2023-04-20T20:06:41.358] [WARN] warnFile - Recurso Inexistente: ruta /socket.io/ y método GET no definida
[2023-04-20T20:06:46.580] [WARN] warnFile - Recurso Inexistente: ruta /socket.io/ y método GET no definida
[2023-04-20T20:06:51.795] [WARN] warnFile - Recurso Inexistente: ruta /socket.io/ y método GET no definida
[2023-04-20T20:06:56.991] [WARN] warnFile - Recurso Inexistente: ruta /socket.io/ y método GET no definida
[2023-04-20T20:07:02.225] [WARN] warnFile - Recurso Inexistente: ruta /socket.io/ y método GET no definida
[2023-04-20T20:07:07.441] [WARN] warnFile - Recurso Inexistente: ruta /socket.io/ y método GET no definida
[2023-04-20T20:07:12.657] [WARN] warnFile - Recurso Inexistente: ruta /socket.io/ y método GET no definida
[2023-04-20T20:07:17.880] [WARN] warnFile - Recurso Inexistente: ruta /socket.io/ y método GET no definida
[2023-04-20T20:07:23.076] [WARN] warnFile - Recurso Inexistente: ruta /socket.io/ y método GET no definida
[2023-04-20T20:07:28.289] [WARN] warnFile - Recurso Inexistente: ruta /socket.io/ y método GET no definida
[2023-04-20T20:07:33.506] [WARN] warnFile - Recurso Inexistente: ruta /socket.io/ y método GET no definida
[2023-04-20T20:07:38.721] [WARN] warnFile - Recurso Inexistente: ruta /socket.io/ y método GET no definida
[2023-04-20T20:07:43.919] [WARN] warnFile - Recurso Inexistente: ruta /socket.io/ y método GET no definida
[2023-04-20T20:07:49.116] [WARN] warnFile - Recurso Inexistente: ruta /socket.io/ y método GET no definida
[2023-04-20T20:07:54.313] [WARN] warnFile - Recurso Inexistente: ruta /socket.io/ y método GET no definida
[2023-04-20T20:07:59.512] [WARN] warnFile - Recurso Inexistente: ruta /socket.io/ y método GET no definida
[2023-04-20T20:08:04.750] [WARN] warnFile - Recurso Inexistente: ruta /socket.io/ y método GET no definida
[2023-04-20T20:08:09.936] [WARN] warnFile - Recurso Inexistente: ruta /socket.io/ y método GET no definida
[2023-04-20T20:08:15.145] [WARN] warnFile - Recurso Inexistente: ruta /socket.io/ y método GET no definida
[2023-04-20T20:08:20.351] [WARN] warnFile - Recurso Inexistente: ruta /socket.io/ y método GET no definida
[2023-04-20T20:08:25.557] [WARN] warnFile - Recurso Inexistente: ruta /socket.io/ y método GET no definida
[2023-04-20T20:08:30.754] [WARN] warnFile - Recurso Inexistente: ruta /socket.io/ y método GET no definida
[2023-04-20T20:08:35.987] [WARN] warnFile - Recurso Inexistente: ruta /socket.io/ y método GET no definida
[2023-04-20T20:08:41.181] [WARN] warnFile - Recurso Inexistente: ruta /socket.io/ y método GET no definida
[2023-04-20T20:08:46.376] [WARN] warnFile - Recurso Inexistente: ruta /socket.io/ y método GET no definida
[2023-04-20T20:08:51.569] [WARN] warnFile - Recurso Inexistente: ruta /socket.io/ y método GET no definida
[2023-04-20T20:08:56.775] [WARN] warnFile - Recurso Inexistente: ruta /socket.io/ y método GET no definida
[2023-04-20T20:09:01.971] [WARN] warnFile - Recurso Inexistente: ruta /socket.io/ y método GET no definida
[2023-04-20T20:09:07.203] [WARN] warnFile - Recurso Inexistente: ruta /socket.io/ y método GET no definida
[2023-04-20T20:09:12.424] [WARN] warnFile - Recurso Inexistente: ruta /socket.io/ y método GET no definida
[2023-04-20T20:09:17.634] [WARN] warnFile - Recurso Inexistente: ruta /socket.io/ y método GET no definida
[2023-04-20T20:09:22.831] [WARN] warnFile - Recurso Inexistente: ruta /socket.io/ y método GET no definida
[2023-04-20T20:09:28.063] [WARN] warnFile - Recurso Inexistente: ruta /socket.io/ y método GET no definida
[2023-04-20T20:09:33.270] [WARN] warnFile - Recurso Inexistente: ruta /socket.io/ y método GET no definida
[2023-04-20T20:09:38.486] [WARN] warnFile - Recurso Inexistente: ruta /socket.io/ y método GET no definida
[2023-04-20T20:09:43.754] [WARN] warnFile - Recurso Inexistente: ruta /socket.io/ y método GET no definida
[2023-04-20T20:09:48.960] [WARN] warnFile - Recurso Inexistente: ruta /socket.io/ y método GET no definida
[2023-04-20T20:09:54.155] [WARN] warnFile - Recurso Inexistente: ruta /socket.io/ y método GET no definida
[2023-04-20T20:09:59.355] [WARN] warnFile - Recurso Inexistente: ruta /socket.io/ y método GET no definida
[2023-04-20T20:10:04.627] [WARN] warnFile - Recurso Inexistente: ruta /socket.io/ y método GET no definida
[2023-04-20T20:10:09.972] [WARN] warnFile - Recurso Inexistente: ruta /socket.io/ y método GET no definida
[2023-04-20T20:10:15.394] [WARN] warnFile - Recurso Inexistente: ruta /socket.io/ y método GET no definida
[2023-04-20T20:10:20.610] [WARN] warnFile - Recurso Inexistente: ruta /socket.io/ y método GET no definida
[2023-04-20T20:10:25.916] [WARN] warnFile - Recurso Inexistente: ruta /socket.io/ y método GET no definida
[2023-04-20T20:10:31.594] [WARN] warnFile - Recurso Inexistente: ruta /socket.io/ y método GET no definida
[2023-04-20T20:10:36.859] [WARN] warnFile - Recurso Inexistente: ruta /socket.io/ y método GET no definida
[2023-04-20T20:10:42.110] [WARN] warnFile - Recurso Inexistente: ruta /socket.io/ y método GET no definida
[2023-04-20T20:10:47.399] [WARN] warnFile - Recurso Inexistente: ruta /socket.io/ y método GET no definida
[2023-04-20T20:10:52.589] [WARN] warnFile - Recurso Inexistente: ruta /socket.io/ y método GET no definida
[2023-04-20T20:10:57.804] [WARN] warnFile - Recurso Inexistente: ruta /socket.io/ y método GET no definida
[2023-04-20T20:11:03.015] [WARN] warnFile - Recurso Inexistente: ruta /socket.io/ y método GET no definida
[2023-04-20T20:11:44.419] [WARN] warnFile - Recurso Inexistente: ruta /socket.io/ y método GET no definida
[2023-04-20T20:18:23.370] [WARN] warnFile - Recurso Inexistente: ruta /socket.io/ y método GET no definida
[2023-04-20T20:18:23.390] [WARN] warnFile - Recurso Inexistente: ruta /productos y método GET no definida
[2023-04-20T20:18:24.051] [WARN] warnFile - Recurso Inexistente: ruta /carrito y método GET no definida
[2023-04-20T20:18:24.428] [WARN] warnFile - Recurso Inexistente: ruta /socket.io/ y método GET no definida
[2023-04-20T20:19:12.964] [WARN] warnFile - Recurso Inexistente: ruta /socket.io/ y método GET no definida
[2023-04-20T20:19:12.980] [WARN] warnFile - Recurso Inexistente: ruta /productos y método GET no definida
[2023-04-20T20:19:12.998] [WARN] warnFile - Recurso Inexistente: ruta /carrito y método GET no definida
[2023-04-20T20:19:13.933] [WARN] warnFile - Recurso Inexistente: ruta /socket.io/ y método GET no definida
[2023-04-20T20:19:15.717] [WARN] warnFile - Recurso Inexistente: ruta /socket.io/ y método GET no definida
[2023-04-20T20:19:19.454] [WARN] warnFile - Recurso Inexistente: ruta /socket.io/ y método GET no definida
[2023-04-20T20:19:24.729] [WARN] warnFile - Recurso Inexistente: ruta /socket.io/ y método GET no definida
[2023-04-20T20:19:30.003] [WARN] warnFile - Recurso Inexistente: ruta /socket.io/ y método GET no definida
[2023-04-20T20:19:35.219] [WARN] warnFile - Recurso Inexistente: ruta /socket.io/ y método GET no definida
[2023-04-20T20:19:40.442] [WARN] warnFile - Recurso Inexistente: ruta /socket.io/ y método GET no definida
[2023-04-20T20:19:45.668] [WARN] warnFile - Recurso Inexistente: ruta /socket.io/ y método GET no definida
[2023-04-20T20:19:50.937] [WARN] warnFile - Recurso Inexistente: ruta /socket.io/ y método GET no definida
[2023-04-20T20:19:56.150] [WARN] warnFile - Recurso Inexistente: ruta /socket.io/ y método GET no definida
[2023-04-20T20:20:01.358] [WARN] warnFile - Recurso Inexistente: ruta /socket.io/ y método GET no definida
[2023-04-20T20:20:06.566] [WARN] warnFile - Recurso Inexistente: ruta /socket.io/ y método GET no definida
[2023-04-20T20:20:11.778] [WARN] warnFile - Recurso Inexistente: ruta /socket.io/ y método GET no definida
[2023-04-20T20:20:17.033] [WARN] warnFile - Recurso Inexistente: ruta /socket.io/ y método GET no definida
[2023-04-20T20:20:22.283] [WARN] warnFile - Recurso Inexistente: ruta /socket.io/ y método GET no definida
[2023-04-20T20:20:27.531] [WARN] warnFile - Recurso Inexistente: ruta /socket.io/ y método GET no definida
[2023-04-20T20:20:32.737] [WARN] warnFile - Recurso Inexistente: ruta /socket.io/ y método GET no definida
[2023-04-20T20:20:37.933] [WARN] warnFile - Recurso Inexistente: ruta /socket.io/ y método GET no definida
[2023-04-20T20:20:43.144] [WARN] warnFile - Recurso Inexistente: ruta /socket.io/ y método GET no definida
[2023-04-20T20:20:48.361] [WARN] warnFile - Recurso Inexistente: ruta /socket.io/ y método GET no definida
[2023-04-20T20:20:53.650] [WARN] warnFile - Recurso Inexistente: ruta /socket.io/ y método GET no definida
[2023-04-20T20:20:58.871] [WARN] warnFile - Recurso Inexistente: ruta /socket.io/ y método GET no definida
[2023-04-20T20:21:04.189] [WARN] warnFile - Recurso Inexistente: ruta /socket.io/ y método GET no definida
[2023-04-20T20:21:09.395] [WARN] warnFile - Recurso Inexistente: ruta /socket.io/ y método GET no definida
[2023-04-20T20:21:14.618] [WARN] warnFile - Recurso Inexistente: ruta /socket.io/ y método GET no definida
[2023-04-20T20:21:19.826] [WARN] warnFile - Recurso Inexistente: ruta /socket.io/ y método GET no definida
[2023-04-20T20:21:25.098] [WARN] warnFile - Recurso Inexistente: ruta /socket.io/ y método GET no definida
[2023-04-20T20:21:30.350] [WARN] warnFile - Recurso Inexistente: ruta /socket.io/ y método GET no definida
[2023-04-20T20:21:35.562] [WARN] warnFile - Recurso Inexistente: ruta /socket.io/ y método GET no definida
[2023-04-20T20:21:40.783] [WARN] warnFile - Recurso Inexistente: ruta /socket.io/ y método GET no definida
[2023-04-20T20:21:46.018] [WARN] warnFile - Recurso Inexistente: ruta /socket.io/ y método GET no definida
[2023-04-20T20:21:51.226] [WARN] warnFile - Recurso Inexistente: ruta /socket.io/ y método GET no definida
[2023-04-20T20:21:56.425] [WARN] warnFile - Recurso Inexistente: ruta /socket.io/ y método GET no definida
[2023-04-20T20:22:01.647] [WARN] warnFile - Recurso Inexistente: ruta /socket.io/ y método GET no definida
[2023-04-20T20:22:06.863] [WARN] warnFile - Recurso Inexistente: ruta /socket.io/ y método GET no definida
[2023-04-20T20:22:12.065] [WARN] warnFile - Recurso Inexistente: ruta /socket.io/ y método GET no definida
[2023-04-20T20:22:17.295] [WARN] warnFile - Recurso Inexistente: ruta /socket.io/ y método GET no definida
[2023-04-20T20:22:22.516] [WARN] warnFile - Recurso Inexistente: ruta /socket.io/ y método GET no definida
[2023-04-20T20:22:27.765] [WARN] warnFile - Recurso Inexistente: ruta /socket.io/ y método GET no definida
[2023-04-20T20:22:32.959] [WARN] warnFile - Recurso Inexistente: ruta /socket.io/ y método GET no definida
[2023-04-20T20:22:38.165] [WARN] warnFile - Recurso Inexistente: ruta /socket.io/ y método GET no definida
[2023-04-20T20:22:43.374] [WARN] warnFile - Recurso Inexistente: ruta /socket.io/ y método GET no definida
[2023-04-20T20:22:48.585] [WARN] warnFile - Recurso Inexistente: ruta /socket.io/ y método GET no definida
[2023-04-20T20:22:53.803] [WARN] warnFile - Recurso Inexistente: ruta /socket.io/ y método GET no definida
[2023-04-20T20:22:59.005] [WARN] warnFile - Recurso Inexistente: ruta /socket.io/ y método GET no definida
[2023-04-20T20:23:04.206] [WARN] warnFile - Recurso Inexistente: ruta /socket.io/ y método GET no definida
[2023-04-20T20:23:09.422] [WARN] warnFile - Recurso Inexistente: ruta /socket.io/ y método GET no definida
[2023-04-20T20:23:14.624] [WARN] warnFile - Recurso Inexistente: ruta /socket.io/ y método GET no definida
[2023-04-20T20:23:19.840] [WARN] warnFile - Recurso Inexistente: ruta /socket.io/ y método GET no definida
[2023-04-20T20:23:25.041] [WARN] warnFile - Recurso Inexistente: ruta /socket.io/ y método GET no definida
[2023-04-20T20:23:30.252] [WARN] warnFile - Recurso Inexistente: ruta /socket.io/ y método GET no definida
[2023-04-20T20:23:35.459] [WARN] warnFile - Recurso Inexistente: ruta /socket.io/ y método GET no definida
[2023-04-20T20:23:40.656] [WARN] warnFile - Recurso Inexistente: ruta /socket.io/ y método GET no definida
[2023-04-20T20:23:45.871] [WARN] warnFile - Recurso Inexistente: ruta /socket.io/ y método GET no definida
[2023-04-20T20:23:51.095] [WARN] warnFile - Recurso Inexistente: ruta /socket.io/ y método GET no definida
[2023-04-20T20:23:56.336] [WARN] warnFile - Recurso Inexistente: ruta /socket.io/ y método GET no definida
[2023-04-20T20:24:01.529] [WARN] warnFile - Recurso Inexistente: ruta /socket.io/ y método GET no definida
[2023-04-20T20:24:06.743] [WARN] warnFile - Recurso Inexistente: ruta /socket.io/ y método GET no definida
[2023-04-20T20:24:11.937] [WARN] warnFile - Recurso Inexistente: ruta /socket.io/ y método GET no definida
[2023-04-20T20:24:17.144] [WARN] warnFile - Recurso Inexistente: ruta /socket.io/ y método GET no definida
[2023-04-20T20:24:22.341] [WARN] warnFile - Recurso Inexistente: ruta /socket.io/ y método GET no definida
[2023-04-20T20:24:27.543] [WARN] warnFile - Recurso Inexistente: ruta /socket.io/ y método GET no definida
[2023-04-20T20:24:32.866] [WARN] warnFile - Recurso Inexistente: ruta /socket.io/ y método GET no definida
[2023-04-20T20:24:38.083] [WARN] warnFile - Recurso Inexistente: ruta /socket.io/ y método GET no definida
[2023-04-20T20:24:43.325] [WARN] warnFile - Recurso Inexistente: ruta /socket.io/ y método GET no definida
[2023-04-20T20:24:48.559] [WARN] warnFile - Recurso Inexistente: ruta /socket.io/ y método GET no definida
[2023-04-20T20:24:53.793] [WARN] warnFile - Recurso Inexistente: ruta /socket.io/ y método GET no definida
[2023-04-20T20:24:59.004] [WARN] warnFile - Recurso Inexistente: ruta /socket.io/ y método GET no definida
[2023-04-20T20:25:04.304] [WARN] warnFile - Recurso Inexistente: ruta /socket.io/ y método GET no definida
[2023-04-20T20:25:09.520] [WARN] warnFile - Recurso Inexistente: ruta /socket.io/ y método GET no definida
[2023-04-20T20:25:14.730] [WARN] warnFile - Recurso Inexistente: ruta /socket.io/ y método GET no definida
[2023-04-20T20:25:19.946] [WARN] warnFile - Recurso Inexistente: ruta /socket.io/ y método GET no definida
[2023-04-20T20:25:25.169] [WARN] warnFile - Recurso Inexistente: ruta /socket.io/ y método GET no definida
[2023-04-20T20:25:30.383] [WARN] warnFile - Recurso Inexistente: ruta /socket.io/ y método GET no definida
[2023-04-20T20:25:35.581] [WARN] warnFile - Recurso Inexistente: ruta /socket.io/ y método GET no definida
[2023-04-20T20:25:40.778] [WARN] warnFile - Recurso Inexistente: ruta /socket.io/ y método GET no definida
[2023-04-20T20:25:45.998] [WARN] warnFile - Recurso Inexistente: ruta /socket.io/ y método GET no definida
[2023-04-20T20:25:51.198] [WARN] warnFile - Recurso Inexistente: ruta /socket.io/ y método GET no definida
[2023-04-20T20:25:56.396] [WARN] warnFile - Recurso Inexistente: ruta /socket.io/ y método GET no definida
[2023-04-20T20:26:01.608] [WARN] warnFile - Recurso Inexistente: ruta /socket.io/ y método GET no definida
[2023-04-20T20:26:06.840] [WARN] warnFile - Recurso Inexistente: ruta /socket.io/ y método GET no definida
[2023-04-20T20:26:12.153] [WARN] warnFile - Recurso Inexistente: ruta /socket.io/ y método GET no definida
[2023-04-20T20:26:17.376] [WARN] warnFile - Recurso Inexistente: ruta /socket.io/ y método GET no definida
[2023-04-20T20:26:22.600] [WARN] warnFile - Recurso Inexistente: ruta /socket.io/ y método GET no definida
[2023-04-20T20:26:27.846] [WARN] warnFile - Recurso Inexistente: ruta /socket.io/ y método GET no definida
[2023-04-20T20:26:33.051] [WARN] warnFile - Recurso Inexistente: ruta /socket.io/ y método GET no definida
[2023-04-20T20:26:38.261] [WARN] warnFile - Recurso Inexistente: ruta /socket.io/ y método GET no definida
[2023-04-20T20:26:43.472] [WARN] warnFile - Recurso Inexistente: ruta /socket.io/ y método GET no definida
[2023-04-20T20:26:48.686] [WARN] warnFile - Recurso Inexistente: ruta /socket.io/ y método GET no definida
[2023-04-20T20:26:53.890] [WARN] warnFile - Recurso Inexistente: ruta /socket.io/ y método GET no definida
[2023-04-20T20:26:59.084] [WARN] warnFile - Recurso Inexistente: ruta /socket.io/ y método GET no definida
[2023-04-20T20:27:04.278] [WARN] warnFile - Recurso Inexistente: ruta /socket.io/ y método GET no definida
[2023-04-20T20:27:09.491] [WARN] warnFile - Recurso Inexistente: ruta /socket.io/ y método GET no definida
[2023-04-20T20:27:14.743] [WARN] warnFile - Recurso Inexistente: ruta /socket.io/ y método GET no definida
[2023-04-20T20:27:20.164] [WARN] warnFile - Recurso Inexistente: ruta /socket.io/ y método GET no definida
[2023-04-20T20:27:25.399] [WARN] warnFile - Recurso Inexistente: ruta /socket.io/ y método GET no definida
[2023-04-20T20:27:30.602] [WARN] warnFile - Recurso Inexistente: ruta /socket.io/ y método GET no definida
[2023-04-20T20:27:35.799] [WARN] warnFile - Recurso Inexistente: ruta /socket.io/ y método GET no definida
[2023-04-20T20:27:41.010] [WARN] warnFile - Recurso Inexistente: ruta /socket.io/ y método GET no definida
[2023-04-20T20:27:46.202] [WARN] warnFile - Recurso Inexistente: ruta /socket.io/ y método GET no definida
[2023-04-20T20:27:51.406] [WARN] warnFile - Recurso Inexistente: ruta /socket.io/ y método GET no definida
[2023-04-20T20:27:56.634] [WARN] warnFile - Recurso Inexistente: ruta /socket.io/ y método GET no definida
[2023-04-20T20:28:01.879] [WARN] warnFile - Recurso Inexistente: ruta /socket.io/ y método GET no definida
[2023-04-20T20:28:07.126] [WARN] warnFile - Recurso Inexistente: ruta /socket.io/ y método GET no definida
[2023-04-20T20:28:12.341] [WARN] warnFile - Recurso Inexistente: ruta /socket.io/ y método GET no definida
